INFO utilities.OpenNebulaFACPLClassSetup.setup: Starting setup...
INFO utilities.FileMerger.mergeFiles: Files merged successfully to tmp/FACPLFiles/system.fpl
INFO utilities.OpenNebulaFACPLClassGenerator.generateClasses: FACPL class generation completed.
INFO utilities.OpenNebulaFACPLClassSetup.setup: Class generation completed successfully.
INFO utilities.FolderContentHandler.lambda$1: Moved file: tmp/FACPLFiles/PolicySet_Online_Generated.java to src/onlinePolicies/PolicySet_Online_Generated.java
INFO utilities.FolderContentHandler.lambda$1: Moved file: tmp/FACPLFiles/PolicySet_Create_Policies.java to src/onlinePolicies/PolicySet_Create_Policies.java
INFO utilities.FolderContentHandler.lambda$1: Moved file: tmp/FACPLFiles/system.fpl to src/onlinePolicies/system.fpl
INFO utilities.FolderContentHandler.lambda$1: Moved file: tmp/FACPLFiles/PolicySet_SLA_Type2.java to src/onlinePolicies/PolicySet_SLA_Type2.java
INFO utilities.FolderContentHandler.lambda$1: Moved file: tmp/FACPLFiles/PolicySet_SLA_Type1.java to src/onlinePolicies/PolicySet_SLA_Type1.java
INFO utilities.FolderContentHandler.lambda$1: Moved file: tmp/FACPLFiles/PolicySet_Release_Policies.java to src/onlinePolicies/PolicySet_Release_Policies.java
INFO utilities.OpenNebulaFACPLClassSetup.setup: Folder contents moved successfully.
INFO utilities.CodeExecutor.compileJavaFiles: Starting compilation of Java files in directory: src/onlinePolicies/
INFO utilities.CodeExecutor.compileJavaFiles: Compiling Java files...
INFO utilities.CodeExecutor.compileJavaFiles: Compilation successful.
INFO entryPoint.FACPLHandlingTemplate.compile: Compilation successful.
INFO entryPoint.ApplyPolicy.postProcess: Policies applied, listening to requests!
INFO utilities.OpenNebulaFACPLClassSetup.setup: Starting setup...
INFO utilities.FileMerger.mergeFiles: Files merged successfully to tmp/FACPLFiles/system.fpl
INFO utilities.OpenNebulaFACPLClassGenerator.generateClasses: FACPL class generation completed.
INFO utilities.OpenNebulaFACPLClassSetup.setup: Class generation completed successfully.
INFO utilities.FolderContentHandler.lambda$1: Moved file: tmp/FACPLFiles/ContextRequest_Online_Generated.java to src/onlinePolicies/ContextRequest_Online_Generated.java
INFO utilities.FolderContentHandler.lambda$1: Moved file: tmp/FACPLFiles/system.fpl to src/onlinePolicies/system.fpl
INFO utilities.OpenNebulaFACPLClassSetup.setup: Folder contents moved successfully.
INFO utilities.CodeExecutor.compileJavaFiles: Starting compilation of Java files in directory: src/onlinePolicies/
INFO utilities.CodeExecutor.compileJavaFiles: Compiling Java files...
INFO utilities.CodeExecutor.compileJavaFiles: Compilation successful.
INFO entryPoint.FACPLHandlingTemplate.compile: Compilation successful.
INFO entryPoint.RequestExecution.postProcess: Executing the compiled class for request handling...
INFO utilities.CodeExecutor.runCompiledClass: Running compiled class: MainFACPL
INFO utilities.CodeExecutor.runCompiledClass: Successfully ran class: MainFACPL
INFO entryPoint.RequestExecution.postProcess: Request execution completed.
INFO utilities.OpenNebulaFACPLClassSetup.setup: Starting setup...
INFO utilities.FileMerger.mergeFiles: Files merged successfully to tmp/FACPLFiles/system.fpl
INFO utilities.OpenNebulaFACPLClassGenerator.generateClasses: FACPL class generation completed.
INFO utilities.OpenNebulaFACPLClassSetup.setup: Class generation completed successfully.
INFO utilities.FolderContentHandler.lambda$1: Moved file: tmp/FACPLFiles/PolicySet_Online_Generated.java to src/onlinePolicies/PolicySet_Online_Generated.java
INFO utilities.FolderContentHandler.lambda$1: Moved file: tmp/FACPLFiles/PolicySet_Create_Policies.java to src/onlinePolicies/PolicySet_Create_Policies.java
INFO utilities.FolderContentHandler.lambda$1: Moved file: tmp/FACPLFiles/system.fpl to src/onlinePolicies/system.fpl
INFO utilities.FolderContentHandler.lambda$1: Moved file: tmp/FACPLFiles/PolicySet_SLA_Type2.java to src/onlinePolicies/PolicySet_SLA_Type2.java
INFO utilities.FolderContentHandler.lambda$1: Moved file: tmp/FACPLFiles/PolicySet_SLA_Type1.java to src/onlinePolicies/PolicySet_SLA_Type1.java
INFO utilities.FolderContentHandler.lambda$1: Moved file: tmp/FACPLFiles/PolicySet_Release_Policies.java to src/onlinePolicies/PolicySet_Release_Policies.java
INFO utilities.OpenNebulaFACPLClassSetup.setup: Folder contents moved successfully.
INFO utilities.CodeExecutor.compileJavaFiles: Starting compilation of Java files in directory: src/onlinePolicies/
INFO utilities.CodeExecutor.compileJavaFiles: Compiling Java files...
INFO utilities.CodeExecutor.compileJavaFiles: Compilation successful.
INFO entryPoint.FACPLHandlingTemplate.compile: Compilation successful.
INFO entryPoint.ApplyPolicy.postProcess: Policies applied, listening to requests!
INFO utilities.OpenNebulaFACPLClassSetup.setup: Starting setup...
INFO utilities.FileMerger.mergeFiles: Files merged successfully to tmp/FACPLFiles/system.fpl
INFO utilities.OpenNebulaFACPLClassGenerator.generateClasses: FACPL class generation completed.
INFO utilities.OpenNebulaFACPLClassSetup.setup: Class generation completed successfully.
INFO utilities.FolderContentHandler.lambda$1: Moved file: tmp/FACPLFiles/ContextRequest_Online_Generated.java to src/onlinePolicies/ContextRequest_Online_Generated.java
INFO utilities.FolderContentHandler.lambda$1: Moved file: tmp/FACPLFiles/system.fpl to src/onlinePolicies/system.fpl
INFO utilities.OpenNebulaFACPLClassSetup.setup: Folder contents moved successfully.
INFO utilities.CodeExecutor.compileJavaFiles: Starting compilation of Java files in directory: src/onlinePolicies/
INFO utilities.CodeExecutor.compileJavaFiles: Compiling Java files...
INFO utilities.CodeExecutor.compileJavaFiles: Compilation successful.
INFO entryPoint.FACPLHandlingTemplate.compile: Compilation successful.
INFO entryPoint.RequestExecution.postProcess: Executing the compiled class for request handling...
INFO utilities.CodeExecutor.runCompiledClass: Running compiled class: MainFACPL
INFO utilities.CodeExecutor.runCompiledClass: Successfully ran class: MainFACPL
INFO entryPoint.RequestExecution.postProcess: Request execution completed.
INFO utilities.OpenNebulaFACPLClassSetup.setup: Starting setup...
INFO utilities.FileMerger.mergeFiles: Files merged successfully to tmp/FACPLFiles/system.fpl
INFO utilities.OpenNebulaFACPLClassGenerator.generateClasses: FACPL class generation completed.
INFO utilities.OpenNebulaFACPLClassSetup.setup: Class generation completed successfully.
INFO utilities.FolderContentHandler.lambda$1: Moved file: tmp/FACPLFiles/ContextRequest_Online_Generated.java to src/onlinePolicies/ContextRequest_Online_Generated.java
INFO utilities.FolderContentHandler.lambda$1: Moved file: tmp/FACPLFiles/system.fpl to src/onlinePolicies/system.fpl
INFO utilities.OpenNebulaFACPLClassSetup.setup: Folder contents moved successfully.
INFO utilities.CodeExecutor.compileJavaFiles: Starting compilation of Java files in directory: src/onlinePolicies/
INFO utilities.CodeExecutor.compileJavaFiles: Compiling Java files...
INFO utilities.CodeExecutor.compileJavaFiles: Compilation successful.
INFO entryPoint.FACPLHandlingTemplate.compile: Compilation successful.
INFO entryPoint.RequestExecution.postProcess: Executing the compiled class for request handling...
INFO utilities.CodeExecutor.runCompiledClass: Running compiled class: MainFACPL
INFO utilities.CodeExecutor.runCompiledClass: Successfully ran class: MainFACPL
INFO entryPoint.RequestExecution.postProcess: Request execution completed.
INFO utilities.OpenNebulaFACPLClassSetup.setup: Starting setup...
INFO utilities.FileMerger.mergeFiles: Files merged successfully to tmp/FACPLFiles/system.fpl
INFO utilities.OpenNebulaFACPLClassGenerator.generateClasses: FACPL class generation completed.
INFO utilities.OpenNebulaFACPLClassSetup.setup: Class generation completed successfully.
INFO utilities.FolderContentHandler.lambda$1: Moved file: tmp/FACPLFiles/ContextRequest_Online_Generated.java to src/onlinePolicies/ContextRequest_Online_Generated.java
INFO utilities.FolderContentHandler.lambda$1: Moved file: tmp/FACPLFiles/system.fpl to src/onlinePolicies/system.fpl
INFO utilities.OpenNebulaFACPLClassSetup.setup: Folder contents moved successfully.
INFO utilities.CodeExecutor.compileJavaFiles: Starting compilation of Java files in directory: src/onlinePolicies/
INFO utilities.CodeExecutor.compileJavaFiles: Compiling Java files...
INFO utilities.CodeExecutor.compileJavaFiles: Compilation successful.
INFO entryPoint.FACPLHandlingTemplate.compile: Compilation successful.
INFO entryPoint.RequestExecution.postProcess: Executing the compiled class for request handling...
INFO utilities.CodeExecutor.runCompiledClass: Running compiled class: MainFACPL
INFO utilities.CodeExecutor.runCompiledClass: Successfully ran class: MainFACPL
INFO entryPoint.RequestExecution.postProcess: Request execution completed.
INFO utilities.OpenNebulaFACPLClassSetup.setup: Starting setup...
INFO utilities.FileMerger.mergeFiles: Files merged successfully to tmp/FACPLFiles/system.fpl
INFO utilities.OpenNebulaFACPLClassGenerator.generateClasses: FACPL class generation completed.
INFO utilities.OpenNebulaFACPLClassSetup.setup: Class generation completed successfully.
INFO utilities.FolderContentHandler.lambda$1: Moved file: tmp/FACPLFiles/PolicySet_Online_Generated.java to src/onlinePolicies/PolicySet_Online_Generated.java
INFO utilities.FolderContentHandler.lambda$1: Moved file: tmp/FACPLFiles/PolicySet_Create_Policies.java to src/onlinePolicies/PolicySet_Create_Policies.java
INFO utilities.FolderContentHandler.lambda$1: Moved file: tmp/FACPLFiles/system.fpl to src/onlinePolicies/system.fpl
INFO utilities.FolderContentHandler.lambda$1: Moved file: tmp/FACPLFiles/PolicySet_SLA_Type2.java to src/onlinePolicies/PolicySet_SLA_Type2.java
INFO utilities.FolderContentHandler.lambda$1: Moved file: tmp/FACPLFiles/PolicySet_SLA_Type1.java to src/onlinePolicies/PolicySet_SLA_Type1.java
INFO utilities.FolderContentHandler.lambda$1: Moved file: tmp/FACPLFiles/PolicySet_Release_Policies.java to src/onlinePolicies/PolicySet_Release_Policies.java
INFO utilities.OpenNebulaFACPLClassSetup.setup: Folder contents moved successfully.
INFO utilities.CodeExecutor.compileJavaFiles: Starting compilation of Java files in directory: src/onlinePolicies/
INFO utilities.CodeExecutor.compileJavaFiles: Compiling Java files...
INFO utilities.CodeExecutor.compileJavaFiles: Compilation successful.
INFO entryPoint.FACPLHandlingTemplate.compile: Compilation successful.
INFO entryPoint.ApplyPolicy.postProcess: Policies applied, listening to requests!
INFO utilities.OpenNebulaFACPLClassSetup.setup: Starting setup...
INFO utilities.FileMerger.mergeFiles: Files merged successfully to tmp/FACPLFiles/system.fpl
INFO utilities.OpenNebulaFACPLClassGenerator.generateClasses: FACPL class generation completed.
INFO utilities.OpenNebulaFACPLClassSetup.setup: Class generation completed successfully.
INFO utilities.FolderContentHandler.lambda$1: Moved file: tmp/FACPLFiles/PolicySet_Online_Generated.java to src/onlinePolicies/PolicySet_Online_Generated.java
INFO utilities.FolderContentHandler.lambda$1: Moved file: tmp/FACPLFiles/PolicySet_Create_Policies.java to src/onlinePolicies/PolicySet_Create_Policies.java
INFO utilities.FolderContentHandler.lambda$1: Moved file: tmp/FACPLFiles/system.fpl to src/onlinePolicies/system.fpl
INFO utilities.FolderContentHandler.lambda$1: Moved file: tmp/FACPLFiles/PolicySet_SLA_Type2.java to src/onlinePolicies/PolicySet_SLA_Type2.java
INFO utilities.FolderContentHandler.lambda$1: Moved file: tmp/FACPLFiles/PolicySet_SLA_Type1.java to src/onlinePolicies/PolicySet_SLA_Type1.java
INFO utilities.FolderContentHandler.lambda$1: Moved file: tmp/FACPLFiles/PolicySet_Release_Policies.java to src/onlinePolicies/PolicySet_Release_Policies.java
INFO utilities.OpenNebulaFACPLClassSetup.setup: Folder contents moved successfully.
INFO utilities.CodeExecutor.compileJavaFiles: Starting compilation of Java files in directory: src/onlinePolicies/
INFO utilities.CodeExecutor.compileJavaFiles: Compiling Java files...
INFO utilities.CodeExecutor.compileJavaFiles: Compilation successful.
INFO entryPoint.FACPLHandlingTemplate.compile: Compilation successful.
INFO entryPoint.ApplyPolicy.postProcess: Policies applied, listening to requests!
INFO utilities.OpenNebulaFACPLClassSetup.setup: Starting setup...
INFO utilities.FileMerger.mergeFiles: Files merged successfully to tmp/FACPLFiles/system.fpl
INFO utilities.OpenNebulaFACPLClassGenerator.generateClasses: FACPL class generation completed.
INFO utilities.OpenNebulaFACPLClassSetup.setup: Class generation completed successfully.
INFO utilities.FolderContentHandler.lambda$1: Moved file: tmp/FACPLFiles/ContextRequest_Online_Generated.java to src/onlinePolicies/ContextRequest_Online_Generated.java
INFO utilities.FolderContentHandler.lambda$1: Moved file: tmp/FACPLFiles/system.fpl to src/onlinePolicies/system.fpl
INFO utilities.OpenNebulaFACPLClassSetup.setup: Folder contents moved successfully.
INFO utilities.CodeExecutor.compileJavaFiles: Starting compilation of Java files in directory: src/onlinePolicies/
INFO utilities.CodeExecutor.compileJavaFiles: Compiling Java files...
INFO utilities.CodeExecutor.compileJavaFiles: Compilation successful.
INFO entryPoint.FACPLHandlingTemplate.compile: Compilation successful.
INFO entryPoint.RequestExecution.postProcess: Executing the compiled class for request handling...
INFO utilities.CodeExecutor.runCompiledClass: Running compiled class: MainFACPL
INFO utilities.CodeExecutor.runCompiledClass: Successfully ran class: MainFACPL
INFO entryPoint.RequestExecution.postProcess: Request execution completed.
INFO utilities.OpenNebulaFACPLClassSetup.setup: Starting setup...
INFO utilities.FileMerger.mergeFiles: Files merged successfully to tmp/FACPLFiles/system.fpl
INFO utilities.OpenNebulaFACPLClassGenerator.generateClasses: FACPL class generation completed.
INFO utilities.OpenNebulaFACPLClassSetup.setup: Class generation completed successfully.
INFO utilities.FolderContentHandler.lambda$1: Moved file: tmp/FACPLFiles/ContextRequest_Online_Generated.java to src/onlinePolicies/ContextRequest_Online_Generated.java
INFO utilities.FolderContentHandler.lambda$1: Moved file: tmp/FACPLFiles/system.fpl to src/onlinePolicies/system.fpl
INFO utilities.OpenNebulaFACPLClassSetup.setup: Folder contents moved successfully.
INFO utilities.CodeExecutor.compileJavaFiles: Starting compilation of Java files in directory: src/onlinePolicies/
INFO utilities.CodeExecutor.compileJavaFiles: Compiling Java files...
INFO utilities.CodeExecutor.compileJavaFiles: Compilation successful.
INFO entryPoint.FACPLHandlingTemplate.compile: Compilation successful.
INFO entryPoint.RequestExecution.postProcess: Executing the compiled class for request handling...
INFO utilities.CodeExecutor.runCompiledClass: Running compiled class: MainFACPL
INFO utilities.CodeExecutor.runCompiledClass: Successfully ran class: MainFACPL
INFO entryPoint.RequestExecution.postProcess: Request execution completed.
INFO utilities.OpenNebulaFACPLClassSetup.setup: Starting setup...
INFO utilities.FileMerger.mergeFiles: Files merged successfully to tmp/FACPLFiles/system.fpl
INFO utilities.OpenNebulaFACPLClassGenerator.generateClasses: FACPL class generation completed.
INFO utilities.OpenNebulaFACPLClassSetup.setup: Class generation completed successfully.
INFO utilities.FolderContentHandler.lambda$1: Moved file: tmp/FACPLFiles/PolicySet_Online_Generated.java to src/onlinePolicies/PolicySet_Online_Generated.java
INFO utilities.FolderContentHandler.lambda$1: Moved file: tmp/FACPLFiles/PolicySet_Create_Policies.java to src/onlinePolicies/PolicySet_Create_Policies.java
INFO utilities.FolderContentHandler.lambda$1: Moved file: tmp/FACPLFiles/system.fpl to src/onlinePolicies/system.fpl
INFO utilities.FolderContentHandler.lambda$1: Moved file: tmp/FACPLFiles/PolicySet_SLA_Type2.java to src/onlinePolicies/PolicySet_SLA_Type2.java
INFO utilities.FolderContentHandler.lambda$1: Moved file: tmp/FACPLFiles/PolicySet_SLA_Type1.java to src/onlinePolicies/PolicySet_SLA_Type1.java
INFO utilities.FolderContentHandler.lambda$1: Moved file: tmp/FACPLFiles/PolicySet_Release_Policies.java to src/onlinePolicies/PolicySet_Release_Policies.java
INFO utilities.OpenNebulaFACPLClassSetup.setup: Folder contents moved successfully.
INFO utilities.CodeExecutor.compileJavaFiles: Starting compilation of Java files in directory: src/onlinePolicies/
INFO utilities.CodeExecutor.compileJavaFiles: Compiling Java files...
SEVERE utilities.CodeExecutor.compileJavaFiles: Compilation failed with result code: 1
SEVERE entryPoint.FACPLHandlingTemplate.execute: An error occurred: Compilation failed with result code: 1
INFO utilities.OpenNebulaFACPLClassSetup.setup: Starting setup...
INFO utilities.FileMerger.mergeFiles: Files merged successfully to tmp/FACPLFiles/system.fpl
INFO utilities.OpenNebulaFACPLClassGenerator.generateClasses: FACPL class generation completed.
INFO utilities.OpenNebulaFACPLClassSetup.setup: Class generation completed successfully.
INFO utilities.FolderContentHandler.lambda$1: Moved file: tmp/FACPLFiles/PolicySet_Online_Generated.java to src/onlinePolicies/PolicySet_Online_Generated.java
INFO utilities.FolderContentHandler.lambda$1: Moved file: tmp/FACPLFiles/PolicySet_Create_Policies.java to src/onlinePolicies/PolicySet_Create_Policies.java
INFO utilities.FolderContentHandler.lambda$1: Moved file: tmp/FACPLFiles/system.fpl to src/onlinePolicies/system.fpl
INFO utilities.FolderContentHandler.lambda$1: Moved file: tmp/FACPLFiles/PolicySet_SLA_Type2.java to src/onlinePolicies/PolicySet_SLA_Type2.java
INFO utilities.FolderContentHandler.lambda$1: Moved file: tmp/FACPLFiles/PolicySet_SLA_Type1.java to src/onlinePolicies/PolicySet_SLA_Type1.java
INFO utilities.FolderContentHandler.lambda$1: Moved file: tmp/FACPLFiles/PolicySet_Release_Policies.java to src/onlinePolicies/PolicySet_Release_Policies.java
INFO utilities.OpenNebulaFACPLClassSetup.setup: Folder contents moved successfully.
INFO utilities.CodeExecutor.compileJavaFiles: Starting compilation of Java files in directory: src/onlinePolicies/
INFO utilities.CodeExecutor.compileJavaFiles: Compiling Java files...
SEVERE utilities.CodeExecutor.compileJavaFiles: Compilation failed with result code: 1
SEVERE entryPoint.FACPLHandlingTemplate.execute: An error occurred: Compilation failed with result code: 1
INFO utilities.OpenNebulaFACPLClassSetup.setup: Starting setup...
INFO utilities.FileMerger.mergeFiles: Files merged successfully to tmp/FACPLFiles/system.fpl
INFO utilities.OpenNebulaFACPLClassGenerator.generateClasses: FACPL class generation completed.
INFO utilities.OpenNebulaFACPLClassSetup.setup: Class generation completed successfully.
INFO utilities.FolderContentHandler.lambda$1: Moved file: tmp/FACPLFiles/PolicySet_Online_Generated.java to src/onlinePolicies/PolicySet_Online_Generated.java
INFO utilities.FolderContentHandler.lambda$1: Moved file: tmp/FACPLFiles/PolicySet_Create_Policies.java to src/onlinePolicies/PolicySet_Create_Policies.java
INFO utilities.FolderContentHandler.lambda$1: Moved file: tmp/FACPLFiles/system.fpl to src/onlinePolicies/system.fpl
INFO utilities.FolderContentHandler.lambda$1: Moved file: tmp/FACPLFiles/PolicySet_SLA_Type2.java to src/onlinePolicies/PolicySet_SLA_Type2.java
INFO utilities.FolderContentHandler.lambda$1: Moved file: tmp/FACPLFiles/PolicySet_SLA_Type1.java to src/onlinePolicies/PolicySet_SLA_Type1.java
INFO utilities.FolderContentHandler.lambda$1: Moved file: tmp/FACPLFiles/PolicySet_Release_Policies.java to src/onlinePolicies/PolicySet_Release_Policies.java
INFO utilities.OpenNebulaFACPLClassSetup.setup: Folder contents moved successfully.
INFO utilities.CodeExecutor.compileJavaFiles: Starting compilation of Java files in directory: src/onlinePolicies/
INFO utilities.CodeExecutor.compileJavaFiles: Compiling Java files...
SEVERE utilities.CodeExecutor.compileJavaFiles: Compilation failed with result code: 1
SEVERE entryPoint.FACPLHandlingTemplate.execute: An error occurred: Compilation failed with result code: 1
INFO utilities.OpenNebulaFACPLClassSetup.setup: Starting setup...
INFO utilities.FileMerger.mergeFiles: Files merged successfully to tmp/FACPLFiles/system.fpl
INFO utilities.OpenNebulaFACPLClassGenerator.generateClasses: FACPL class generation completed.
INFO utilities.OpenNebulaFACPLClassSetup.setup: Class generation completed successfully.
INFO utilities.FolderContentHandler.lambda$1: Moved file: tmp/FACPLFiles/PolicySet_Online_Generated.java to src/onlinePolicies/PolicySet_Online_Generated.java
INFO utilities.FolderContentHandler.lambda$1: Moved file: tmp/FACPLFiles/PolicySet_Create_Policies.java to src/onlinePolicies/PolicySet_Create_Policies.java
INFO utilities.FolderContentHandler.lambda$1: Moved file: tmp/FACPLFiles/system.fpl to src/onlinePolicies/system.fpl
INFO utilities.FolderContentHandler.lambda$1: Moved file: tmp/FACPLFiles/PolicySet_SLA_Type2.java to src/onlinePolicies/PolicySet_SLA_Type2.java
INFO utilities.FolderContentHandler.lambda$1: Moved file: tmp/FACPLFiles/PolicySet_SLA_Type1.java to src/onlinePolicies/PolicySet_SLA_Type1.java
INFO utilities.FolderContentHandler.lambda$1: Moved file: tmp/FACPLFiles/PolicySet_Release_Policies.java to src/onlinePolicies/PolicySet_Release_Policies.java
INFO utilities.OpenNebulaFACPLClassSetup.setup: Folder contents moved successfully.
INFO utilities.CodeExecutor.compileJavaFiles: Starting compilation of Java files in directory: src/onlinePolicies/
INFO utilities.CodeExecutor.compileJavaFiles: Compiling Java files...
SEVERE utilities.CodeExecutor.compileJavaFiles: Compilation failed with result code: 1
SEVERE entryPoint.FACPLHandlingTemplate.execute: An error occurred: Compilation failed with result code: 1
INFO utilities.OpenNebulaFACPLClassSetup.setup: Starting setup...
INFO utilities.FileMerger.mergeFiles: Files merged successfully to tmp/FACPLFiles/system.fpl
INFO utilities.OpenNebulaFACPLClassGenerator.generateClasses: FACPL class generation completed.
INFO utilities.OpenNebulaFACPLClassSetup.setup: Class generation completed successfully.
INFO utilities.FolderContentHandler.lambda$1: Moved file: tmp/FACPLFiles/PolicySet_Online_Generated.java to src/onlinePolicies/PolicySet_Online_Generated.java
INFO utilities.FolderContentHandler.lambda$1: Moved file: tmp/FACPLFiles/PolicySet_Create_Policies.java to src/onlinePolicies/PolicySet_Create_Policies.java
INFO utilities.FolderContentHandler.lambda$1: Moved file: tmp/FACPLFiles/system.fpl to src/onlinePolicies/system.fpl
INFO utilities.FolderContentHandler.lambda$1: Moved file: tmp/FACPLFiles/PolicySet_SLA_Type2.java to src/onlinePolicies/PolicySet_SLA_Type2.java
INFO utilities.FolderContentHandler.lambda$1: Moved file: tmp/FACPLFiles/PolicySet_SLA_Type1.java to src/onlinePolicies/PolicySet_SLA_Type1.java
INFO utilities.FolderContentHandler.lambda$1: Moved file: tmp/FACPLFiles/PolicySet_Release_Policies.java to src/onlinePolicies/PolicySet_Release_Policies.java
INFO utilities.OpenNebulaFACPLClassSetup.setup: Folder contents moved successfully.
INFO utilities.CodeExecutor.compileJavaFiles: Starting compilation of Java files in directory: src/onlinePolicies/
INFO utilities.CodeExecutor.compileJavaFiles: Compiling Java files...
SEVERE utilities.CodeExecutor.compileJavaFiles: Compilation failed with result code: 1
SEVERE entryPoint.FACPLHandlingTemplate.execute: An error occurred: Compilation failed with result code: 1
INFO utilities.OpenNebulaFACPLClassSetup.setup: Starting setup...
INFO utilities.FileMerger.mergeFiles: Files merged successfully to tmp/FACPLFiles/system.fpl
INFO utilities.OpenNebulaFACPLClassGenerator.generateClasses: FACPL class generation completed.
INFO utilities.OpenNebulaFACPLClassSetup.setup: Class generation completed successfully.
INFO utilities.FolderContentHandler.lambda$1: Moved file: tmp/FACPLFiles/PolicySet_Online_Generated.java to src/onlinePolicies/PolicySet_Online_Generated.java
INFO utilities.FolderContentHandler.lambda$1: Moved file: tmp/FACPLFiles/PolicySet_Create_Policies.java to src/onlinePolicies/PolicySet_Create_Policies.java
INFO utilities.FolderContentHandler.lambda$1: Moved file: tmp/FACPLFiles/system.fpl to src/onlinePolicies/system.fpl
INFO utilities.FolderContentHandler.lambda$1: Moved file: tmp/FACPLFiles/PolicySet_SLA_Type2.java to src/onlinePolicies/PolicySet_SLA_Type2.java
INFO utilities.FolderContentHandler.lambda$1: Moved file: tmp/FACPLFiles/PolicySet_SLA_Type1.java to src/onlinePolicies/PolicySet_SLA_Type1.java
INFO utilities.FolderContentHandler.lambda$1: Moved file: tmp/FACPLFiles/PolicySet_Release_Policies.java to src/onlinePolicies/PolicySet_Release_Policies.java
INFO utilities.OpenNebulaFACPLClassSetup.setup: Folder contents moved successfully.
INFO utilities.CodeExecutor.compileJavaFiles: Starting compilation of Java files in directory: src/onlinePolicies/
INFO utilities.CodeExecutor.compileJavaFiles: Compiling Java files...
SEVERE utilities.CodeExecutor.compileJavaFiles: Compilation failed with result code: 1
SEVERE entryPoint.FACPLHandlingTemplate.execute: An error occurred: Compilation failed with result code: 1
INFO utilities.OpenNebulaFACPLClassSetup.setup: Starting setup...
INFO utilities.FileMerger.mergeFiles: Files merged successfully to tmp/FACPLFiles/system.fpl
INFO utilities.OpenNebulaFACPLClassGenerator.generateClasses: FACPL class generation completed.
INFO utilities.OpenNebulaFACPLClassSetup.setup: Class generation completed successfully.
INFO utilities.FolderContentHandler.lambda$1: Moved file: tmp/FACPLFiles/PolicySet_Online_Generated.java to src/onlinePolicies/PolicySet_Online_Generated.java
INFO utilities.FolderContentHandler.lambda$1: Moved file: tmp/FACPLFiles/PolicySet_Create_Policies.java to src/onlinePolicies/PolicySet_Create_Policies.java
INFO utilities.FolderContentHandler.lambda$1: Moved file: tmp/FACPLFiles/system.fpl to src/onlinePolicies/system.fpl
INFO utilities.FolderContentHandler.lambda$1: Moved file: tmp/FACPLFiles/PolicySet_SLA_Type2.java to src/onlinePolicies/PolicySet_SLA_Type2.java
INFO utilities.FolderContentHandler.lambda$1: Moved file: tmp/FACPLFiles/PolicySet_SLA_Type1.java to src/onlinePolicies/PolicySet_SLA_Type1.java
INFO utilities.FolderContentHandler.lambda$1: Moved file: tmp/FACPLFiles/PolicySet_Release_Policies.java to src/onlinePolicies/PolicySet_Release_Policies.java
INFO utilities.OpenNebulaFACPLClassSetup.setup: Folder contents moved successfully.
INFO utilities.CodeExecutor.compileJavaFiles: Starting compilation of Java files in directory: src/onlinePolicies/
INFO utilities.CodeExecutor.compileJavaFiles: Compiling Java files...
INFO utilities.CodeExecutor.compileJavaFiles: Compilation successful.
INFO entryPoint.FACPLHandlingTemplate.compile: Compilation successful.
INFO entryPoint.ApplyPolicy.postProcess: Policies applied, listening to requests!
INFO utilities.OpenNebulaFACPLClassSetup.setup: Starting setup...
INFO utilities.FileMerger.mergeFiles: Files merged successfully to tmp/FACPLFiles/system.fpl
INFO utilities.OpenNebulaFACPLClassGenerator.generateClasses: FACPL class generation completed.
INFO utilities.OpenNebulaFACPLClassSetup.setup: Class generation completed successfully.
INFO utilities.FolderContentHandler.lambda$1: Moved file: tmp/FACPLFiles/PolicySet_Online_Generated.java to src/onlinePolicies/PolicySet_Online_Generated.java
INFO utilities.FolderContentHandler.lambda$1: Moved file: tmp/FACPLFiles/PolicySet_Create_Policies.java to src/onlinePolicies/PolicySet_Create_Policies.java
INFO utilities.FolderContentHandler.lambda$1: Moved file: tmp/FACPLFiles/system.fpl to src/onlinePolicies/system.fpl
INFO utilities.FolderContentHandler.lambda$1: Moved file: tmp/FACPLFiles/PolicySet_SLA_Type2.java to src/onlinePolicies/PolicySet_SLA_Type2.java
INFO utilities.FolderContentHandler.lambda$1: Moved file: tmp/FACPLFiles/PolicySet_SLA_Type1.java to src/onlinePolicies/PolicySet_SLA_Type1.java
INFO utilities.FolderContentHandler.lambda$1: Moved file: tmp/FACPLFiles/PolicySet_Release_Policies.java to src/onlinePolicies/PolicySet_Release_Policies.java
INFO utilities.OpenNebulaFACPLClassSetup.setup: Folder contents moved successfully.
INFO utilities.CodeExecutor.compileJavaFiles: Starting compilation of Java files in directory: src/onlinePolicies/
INFO utilities.CodeExecutor.compileJavaFiles: Compiling Java files...
INFO utilities.CodeExecutor.compileJavaFiles: Compilation successful.
INFO entryPoint.FACPLHandlingTemplate.compile: Compilation successful.
INFO entryPoint.ApplyPolicy.postProcess: Policies applied, listening to requests!
INFO utilities.OpenNebulaFACPLClassSetup.setup: Starting setup...
INFO utilities.FileMerger.mergeFiles: Files merged successfully to tmp/FACPLFiles/system.fpl
INFO utilities.OpenNebulaFACPLClassGenerator.generateClasses: FACPL class generation completed.
INFO utilities.OpenNebulaFACPLClassSetup.setup: Class generation completed successfully.
INFO utilities.FolderContentHandler.lambda$1: Moved file: tmp/FACPLFiles/PolicySet_Online_Generated.java to src/onlinePolicies/PolicySet_Online_Generated.java
INFO utilities.FolderContentHandler.lambda$1: Moved file: tmp/FACPLFiles/PolicySet_Create_Policies.java to src/onlinePolicies/PolicySet_Create_Policies.java
INFO utilities.FolderContentHandler.lambda$1: Moved file: tmp/FACPLFiles/system.fpl to src/onlinePolicies/system.fpl
INFO utilities.FolderContentHandler.lambda$1: Moved file: tmp/FACPLFiles/PolicySet_SLA_Type2.java to src/onlinePolicies/PolicySet_SLA_Type2.java
INFO utilities.FolderContentHandler.lambda$1: Moved file: tmp/FACPLFiles/PolicySet_SLA_Type1.java to src/onlinePolicies/PolicySet_SLA_Type1.java
INFO utilities.FolderContentHandler.lambda$1: Moved file: tmp/FACPLFiles/PolicySet_Release_Policies.java to src/onlinePolicies/PolicySet_Release_Policies.java
INFO utilities.OpenNebulaFACPLClassSetup.setup: Folder contents moved successfully.
INFO utilities.CodeExecutor.compileJavaFiles: Starting compilation of Java files in directory: src/onlinePolicies/
INFO utilities.CodeExecutor.compileJavaFiles: Compiling Java files...
INFO utilities.CodeExecutor.compileJavaFiles: Compilation successful.
INFO entryPoint.FACPLHandlingTemplate.compile: Compilation successful.
INFO entryPoint.ApplyPolicy.postProcess: Policies applied, listening to requests!
INFO utilities.OpenNebulaFACPLClassSetup.setup: Starting setup...
INFO utilities.FileMerger.mergeFiles: Files merged successfully to tmp/FACPLFiles/system.fpl
INFO utilities.OpenNebulaFACPLClassGenerator.generateClasses: FACPL class generation completed.
INFO utilities.OpenNebulaFACPLClassSetup.setup: Class generation completed successfully.
INFO utilities.FolderContentHandler.lambda$1: Moved file: tmp/FACPLFiles/PolicySet_Online_Generated.java to src/onlinePolicies/PolicySet_Online_Generated.java
INFO utilities.FolderContentHandler.lambda$1: Moved file: tmp/FACPLFiles/PolicySet_Create_Policies.java to src/onlinePolicies/PolicySet_Create_Policies.java
INFO utilities.FolderContentHandler.lambda$1: Moved file: tmp/FACPLFiles/system.fpl to src/onlinePolicies/system.fpl
INFO utilities.FolderContentHandler.lambda$1: Moved file: tmp/FACPLFiles/PolicySet_SLA_Type2.java to src/onlinePolicies/PolicySet_SLA_Type2.java
INFO utilities.FolderContentHandler.lambda$1: Moved file: tmp/FACPLFiles/PolicySet_SLA_Type1.java to src/onlinePolicies/PolicySet_SLA_Type1.java
INFO utilities.FolderContentHandler.lambda$1: Moved file: tmp/FACPLFiles/PolicySet_Release_Policies.java to src/onlinePolicies/PolicySet_Release_Policies.java
INFO utilities.OpenNebulaFACPLClassSetup.setup: Folder contents moved successfully.
INFO utilities.CodeExecutor.compileJavaFiles: Starting compilation of Java files in directory: src/onlinePolicies/
INFO utilities.CodeExecutor.compileJavaFiles: Compiling Java files...
INFO utilities.CodeExecutor.compileJavaFiles: Compilation successful.
INFO entryPoint.FACPLHandlingTemplate.compile: Compilation successful.
INFO entryPoint.ApplyPolicy.postProcess: Policies applied, listening to requests!
INFO utilities.OpenNebulaFACPLClassSetup.setup: Starting setup...
INFO utilities.FileMerger.mergeFiles: Files merged successfully to tmp/FACPLFiles/system.fpl
INFO utilities.OpenNebulaFACPLClassGenerator.generateClasses: FACPL class generation completed.
INFO utilities.OpenNebulaFACPLClassSetup.setup: Class generation completed successfully.
INFO utilities.FolderContentHandler.lambda$1: Moved file: tmp/FACPLFiles/PolicySet_Online_Generated.java to src/onlinePolicies/PolicySet_Online_Generated.java
INFO utilities.FolderContentHandler.lambda$1: Moved file: tmp/FACPLFiles/PolicySet_Create_Policies.java to src/onlinePolicies/PolicySet_Create_Policies.java
INFO utilities.FolderContentHandler.lambda$1: Moved file: tmp/FACPLFiles/system.fpl to src/onlinePolicies/system.fpl
INFO utilities.FolderContentHandler.lambda$1: Moved file: tmp/FACPLFiles/PolicySet_SLA_Type2.java to src/onlinePolicies/PolicySet_SLA_Type2.java
INFO utilities.FolderContentHandler.lambda$1: Moved file: tmp/FACPLFiles/PolicySet_SLA_Type1.java to src/onlinePolicies/PolicySet_SLA_Type1.java
INFO utilities.FolderContentHandler.lambda$1: Moved file: tmp/FACPLFiles/PolicySet_Release_Policies.java to src/onlinePolicies/PolicySet_Release_Policies.java
INFO utilities.OpenNebulaFACPLClassSetup.setup: Folder contents moved successfully.
INFO utilities.CodeExecutor.compileJavaFiles: Starting compilation of Java files in directory: src/onlinePolicies/
INFO utilities.CodeExecutor.compileJavaFiles: Compiling Java files...
INFO utilities.CodeExecutor.compileJavaFiles: Compilation successful.
INFO entryPoint.FACPLHandlingTemplate.compile: Compilation successful.
INFO entryPoint.ApplyPolicy.postProcess: Policies applied, listening to requests!
INFO utilities.OpenNebulaFACPLClassSetup.setup: Starting setup...
INFO utilities.FileMerger.mergeFiles: Files merged successfully to tmp/FACPLFiles/system.fpl
INFO utilities.OpenNebulaFACPLClassGenerator.generateClasses: FACPL class generation completed.
INFO utilities.OpenNebulaFACPLClassSetup.setup: Class generation completed successfully.
INFO utilities.FolderContentHandler.lambda$1: Moved file: tmp/FACPLFiles/PolicySet_Online_Generated.java to src/onlinePolicies/PolicySet_Online_Generated.java
INFO utilities.FolderContentHandler.lambda$1: Moved file: tmp/FACPLFiles/PolicySet_Create_Policies.java to src/onlinePolicies/PolicySet_Create_Policies.java
INFO utilities.FolderContentHandler.lambda$1: Moved file: tmp/FACPLFiles/system.fpl to src/onlinePolicies/system.fpl
INFO utilities.FolderContentHandler.lambda$1: Moved file: tmp/FACPLFiles/PolicySet_SLA_Type2.java to src/onlinePolicies/PolicySet_SLA_Type2.java
INFO utilities.FolderContentHandler.lambda$1: Moved file: tmp/FACPLFiles/PolicySet_SLA_Type1.java to src/onlinePolicies/PolicySet_SLA_Type1.java
INFO utilities.FolderContentHandler.lambda$1: Moved file: tmp/FACPLFiles/PolicySet_Release_Policies.java to src/onlinePolicies/PolicySet_Release_Policies.java
INFO utilities.OpenNebulaFACPLClassSetup.setup: Folder contents moved successfully.
INFO utilities.CodeExecutor.compileJavaFiles: Starting compilation of Java files in directory: src/onlinePolicies/
INFO utilities.CodeExecutor.compileJavaFiles: Compiling Java files...
INFO utilities.CodeExecutor.compileJavaFiles: Compilation successful.
INFO entryPoint.FACPLHandlingTemplate.compile: Compilation successful.
INFO entryPoint.ApplyPolicy.postProcess: Policies applied, listening to requests!
INFO utilities.OpenNebulaFACPLClassSetup.setup: Starting setup...
INFO utilities.FileMerger.mergeFiles: Files merged successfully to tmp/FACPLFiles/system.fpl
INFO utilities.OpenNebulaFACPLClassGenerator.generateClasses: FACPL class generation completed.
INFO utilities.OpenNebulaFACPLClassSetup.setup: Class generation completed successfully.
INFO utilities.FolderContentHandler.lambda$1: Moved file: tmp/FACPLFiles/PolicySet_Online_Generated.java to src/onlinePolicies/PolicySet_Online_Generated.java
INFO utilities.FolderContentHandler.lambda$1: Moved file: tmp/FACPLFiles/PolicySet_Create_Policies.java to src/onlinePolicies/PolicySet_Create_Policies.java
INFO utilities.FolderContentHandler.lambda$1: Moved file: tmp/FACPLFiles/system.fpl to src/onlinePolicies/system.fpl
INFO utilities.FolderContentHandler.lambda$1: Moved file: tmp/FACPLFiles/PolicySet_SLA_Type2.java to src/onlinePolicies/PolicySet_SLA_Type2.java
INFO utilities.FolderContentHandler.lambda$1: Moved file: tmp/FACPLFiles/PolicySet_SLA_Type1.java to src/onlinePolicies/PolicySet_SLA_Type1.java
INFO utilities.FolderContentHandler.lambda$1: Moved file: tmp/FACPLFiles/PolicySet_Release_Policies.java to src/onlinePolicies/PolicySet_Release_Policies.java
INFO utilities.OpenNebulaFACPLClassSetup.setup: Folder contents moved successfully.
INFO utilities.CodeExecutor.compileJavaFiles: Starting compilation of Java files in directory: src/onlinePolicies/
INFO utilities.CodeExecutor.compileJavaFiles: Compiling Java files...
INFO utilities.CodeExecutor.compileJavaFiles: Compilation successful.
INFO entryPoint.FACPLHandlingTemplate.compile: Compilation successful.
INFO entryPoint.ApplyPolicy.postProcess: Policies applied, listening to requests!
INFO utilities.OpenNebulaFACPLClassSetup.setup: Starting setup...
INFO utilities.FileMerger.mergeFiles: Files merged successfully to tmp/FACPLFiles/system.fpl
INFO utilities.OpenNebulaFACPLClassGenerator.generateClasses: FACPL class generation completed.
INFO utilities.OpenNebulaFACPLClassSetup.setup: Class generation completed successfully.
INFO utilities.FolderContentHandler.lambda$1: Moved file: tmp/FACPLFiles/ContextRequest_Online_Generated.java to src/onlinePolicies/ContextRequest_Online_Generated.java
INFO utilities.FolderContentHandler.lambda$1: Moved file: tmp/FACPLFiles/system.fpl to src/onlinePolicies/system.fpl
INFO utilities.OpenNebulaFACPLClassSetup.setup: Folder contents moved successfully.
INFO utilities.CodeExecutor.compileJavaFiles: Starting compilation of Java files in directory: src/onlinePolicies/
INFO utilities.CodeExecutor.compileJavaFiles: Compiling Java files...
INFO utilities.CodeExecutor.compileJavaFiles: Compilation successful.
INFO entryPoint.FACPLHandlingTemplate.compile: Compilation successful.
INFO entryPoint.RequestExecution.postProcess: Executing the compiled class for request handling...
INFO utilities.CodeExecutor.runCompiledClass: Running compiled class: MainFACPL
INFO utilities.CodeExecutor.runCompiledClass: Successfully ran class: MainFACPL
INFO entryPoint.RequestExecution.postProcess: Request execution completed.
INFO utilities.OpenNebulaFACPLClassSetup.setup: Starting setup...
INFO utilities.FileMerger.mergeFiles: Files merged successfully to tmp/FACPLFiles/system.fpl
INFO utilities.OpenNebulaFACPLClassGenerator.generateClasses: FACPL class generation completed.
INFO utilities.OpenNebulaFACPLClassSetup.setup: Class generation completed successfully.
INFO utilities.FolderContentHandler.lambda$1: Moved file: tmp/FACPLFiles/ContextRequest_Online_Generated.java to src/onlinePolicies/ContextRequest_Online_Generated.java
INFO utilities.FolderContentHandler.lambda$1: Moved file: tmp/FACPLFiles/system.fpl to src/onlinePolicies/system.fpl
INFO utilities.OpenNebulaFACPLClassSetup.setup: Folder contents moved successfully.
INFO utilities.CodeExecutor.compileJavaFiles: Starting compilation of Java files in directory: src/onlinePolicies/
INFO utilities.CodeExecutor.compileJavaFiles: Compiling Java files...
INFO utilities.CodeExecutor.compileJavaFiles: Compilation successful.
INFO entryPoint.FACPLHandlingTemplate.compile: Compilation successful.
INFO entryPoint.RequestExecution.postProcess: Executing the compiled class for request handling...
INFO utilities.CodeExecutor.runCompiledClass: Running compiled class: MainFACPL
INFO utilities.CodeExecutor.runCompiledClass: Successfully ran class: MainFACPL
INFO entryPoint.RequestExecution.postProcess: Request execution completed.
INFO utilities.OpenNebulaFACPLClassSetup.setup: Starting setup...
INFO utilities.FileMerger.mergeFiles: Files merged successfully to tmp/FACPLFiles/system.fpl
INFO utilities.OpenNebulaFACPLClassGenerator.generateClasses: FACPL class generation completed.
INFO utilities.OpenNebulaFACPLClassSetup.setup: Class generation completed successfully.
INFO utilities.FolderContentHandler.lambda$1: Moved file: tmp/FACPLFiles/PolicySet_Online_Generated.java to src/onlinePolicies/PolicySet_Online_Generated.java
INFO utilities.FolderContentHandler.lambda$1: Moved file: tmp/FACPLFiles/PolicySet_Create_Policies.java to src/onlinePolicies/PolicySet_Create_Policies.java
INFO utilities.FolderContentHandler.lambda$1: Moved file: tmp/FACPLFiles/system.fpl to src/onlinePolicies/system.fpl
INFO utilities.FolderContentHandler.lambda$1: Moved file: tmp/FACPLFiles/PolicySet_SLA_Type2.java to src/onlinePolicies/PolicySet_SLA_Type2.java
INFO utilities.FolderContentHandler.lambda$1: Moved file: tmp/FACPLFiles/PolicySet_SLA_Type1.java to src/onlinePolicies/PolicySet_SLA_Type1.java
INFO utilities.FolderContentHandler.lambda$1: Moved file: tmp/FACPLFiles/PolicySet_Release_Policies.java to src/onlinePolicies/PolicySet_Release_Policies.java
INFO utilities.OpenNebulaFACPLClassSetup.setup: Folder contents moved successfully.
INFO utilities.CodeExecutor.compileJavaFiles: Starting compilation of Java files in directory: src/onlinePolicies/
INFO utilities.CodeExecutor.compileJavaFiles: Compiling Java files...
INFO utilities.CodeExecutor.compileJavaFiles: Compilation successful.
INFO entryPoint.FACPLHandlingTemplate.compile: Compilation successful.
INFO entryPoint.ApplyPolicy.postProcess: Policies applied, listening to requests!
INFO utilities.OpenNebulaFACPLClassSetup.setup: Starting setup...
INFO utilities.FileMerger.mergeFiles: Files merged successfully to tmp/FACPLFiles/system.fpl
INFO utilities.OpenNebulaFACPLClassGenerator.generateClasses: FACPL class generation completed.
INFO utilities.OpenNebulaFACPLClassSetup.setup: Class generation completed successfully.
INFO utilities.FolderContentHandler.lambda$1: Moved file: tmp/FACPLFiles/ContextRequest_Online_Generated.java to src/onlinePolicies/ContextRequest_Online_Generated.java
INFO utilities.FolderContentHandler.lambda$1: Moved file: tmp/FACPLFiles/system.fpl to src/onlinePolicies/system.fpl
INFO utilities.OpenNebulaFACPLClassSetup.setup: Folder contents moved successfully.
INFO utilities.CodeExecutor.compileJavaFiles: Starting compilation of Java files in directory: src/onlinePolicies/
INFO utilities.CodeExecutor.compileJavaFiles: Compiling Java files...
INFO utilities.CodeExecutor.compileJavaFiles: Compilation successful.
INFO entryPoint.FACPLHandlingTemplate.compile: Compilation successful.
INFO entryPoint.RequestExecution.postProcess: Executing the compiled class for request handling...
INFO utilities.CodeExecutor.runCompiledClass: Running compiled class: MainFACPL
INFO utilities.CodeExecutor.runCompiledClass: Successfully ran class: MainFACPL
INFO entryPoint.RequestExecution.postProcess: Request execution completed.
INFO utilities.OpenNebulaFACPLClassSetup.setup: Starting setup...
INFO utilities.FileMerger.mergeFiles: Files merged successfully to tmp/FACPLFiles/system.fpl
INFO utilities.OpenNebulaFACPLClassGenerator.generateClasses: FACPL class generation completed.
INFO utilities.OpenNebulaFACPLClassSetup.setup: Class generation completed successfully.
INFO utilities.FolderContentHandler.lambda$1: Moved file: tmp/FACPLFiles/ContextRequest_Online_Generated.java to src/onlinePolicies/ContextRequest_Online_Generated.java
INFO utilities.FolderContentHandler.lambda$1: Moved file: tmp/FACPLFiles/system.fpl to src/onlinePolicies/system.fpl
INFO utilities.OpenNebulaFACPLClassSetup.setup: Folder contents moved successfully.
INFO utilities.CodeExecutor.compileJavaFiles: Starting compilation of Java files in directory: src/onlinePolicies/
INFO utilities.CodeExecutor.compileJavaFiles: Compiling Java files...
INFO utilities.CodeExecutor.compileJavaFiles: Compilation successful.
INFO entryPoint.FACPLHandlingTemplate.compile: Compilation successful.
INFO entryPoint.RequestExecution.postProcess: Executing the compiled class for request handling...
INFO utilities.CodeExecutor.runCompiledClass: Running compiled class: MainFACPL
INFO utilities.CodeExecutor.runCompiledClass: Successfully ran class: MainFACPL
INFO entryPoint.RequestExecution.postProcess: Request execution completed.
INFO utilities.OpenNebulaFACPLClassSetup.setup: Starting setup...
INFO utilities.FileMerger.mergeFiles: Files merged successfully to tmp/FACPLFiles/system.fpl
INFO utilities.OpenNebulaFACPLClassGenerator.generateClasses: FACPL class generation completed.
INFO utilities.OpenNebulaFACPLClassSetup.setup: Class generation completed successfully.
INFO utilities.FolderContentHandler.lambda$1: Moved file: tmp/FACPLFiles/ContextRequest_Online_Generated.java to src/onlinePolicies/ContextRequest_Online_Generated.java
INFO utilities.FolderContentHandler.lambda$1: Moved file: tmp/FACPLFiles/system.fpl to src/onlinePolicies/system.fpl
INFO utilities.OpenNebulaFACPLClassSetup.setup: Folder contents moved successfully.
INFO utilities.CodeExecutor.compileJavaFiles: Starting compilation of Java files in directory: src/onlinePolicies/
INFO utilities.CodeExecutor.compileJavaFiles: Compiling Java files...
INFO utilities.CodeExecutor.compileJavaFiles: Compilation successful.
INFO entryPoint.FACPLHandlingTemplate.compile: Compilation successful.
INFO entryPoint.RequestExecution.postProcess: Executing the compiled class for request handling...
INFO utilities.CodeExecutor.runCompiledClass: Running compiled class: MainFACPL
INFO utilities.CodeExecutor.runCompiledClass: Successfully ran class: MainFACPL
INFO entryPoint.RequestExecution.postProcess: Request execution completed.
INFO utilities.OpenNebulaFACPLClassSetup.setup: Starting setup...
INFO utilities.FileMerger.mergeFiles: Files merged successfully to tmp/FACPLFiles/system.fpl
INFO utilities.OpenNebulaFACPLClassGenerator.generateClasses: FACPL class generation completed.
INFO utilities.OpenNebulaFACPLClassSetup.setup: Class generation completed successfully.
INFO utilities.FolderContentHandler.lambda$1: Moved file: tmp/FACPLFiles/ContextRequest_Online_Generated.java to src/onlinePolicies/ContextRequest_Online_Generated.java
INFO utilities.FolderContentHandler.lambda$1: Moved file: tmp/FACPLFiles/system.fpl to src/onlinePolicies/system.fpl
INFO utilities.OpenNebulaFACPLClassSetup.setup: Folder contents moved successfully.
INFO utilities.CodeExecutor.compileJavaFiles: Starting compilation of Java files in directory: src/onlinePolicies/
INFO utilities.CodeExecutor.compileJavaFiles: Compiling Java files...
INFO utilities.CodeExecutor.compileJavaFiles: Compilation successful.
INFO entryPoint.FACPLHandlingTemplate.compile: Compilation successful.
INFO entryPoint.RequestExecution.postProcess: Executing the compiled class for request handling...
INFO utilities.CodeExecutor.runCompiledClass: Running compiled class: MainFACPL
INFO utilities.CodeExecutor.runCompiledClass: Successfully ran class: MainFACPL
INFO entryPoint.RequestExecution.postProcess: Request execution completed.
INFO utilities.OpenNebulaFACPLClassSetup.setup: Starting setup...
INFO utilities.FileMerger.mergeFiles: Files merged successfully to tmp/FACPLFiles/system.fpl
INFO utilities.OpenNebulaFACPLClassGenerator.generateClasses: FACPL class generation completed.
INFO utilities.OpenNebulaFACPLClassSetup.setup: Class generation completed successfully.
INFO utilities.FolderContentHandler.lambda$1: Moved file: tmp/FACPLFiles/PolicySet_Online_Generated.java to src/onlinePolicies/PolicySet_Online_Generated.java
INFO utilities.FolderContentHandler.lambda$1: Moved file: tmp/FACPLFiles/PolicySet_Create_Policies.java to src/onlinePolicies/PolicySet_Create_Policies.java
INFO utilities.FolderContentHandler.lambda$1: Moved file: tmp/FACPLFiles/system.fpl to src/onlinePolicies/system.fpl
INFO utilities.FolderContentHandler.lambda$1: Moved file: tmp/FACPLFiles/PolicySet_SLA_Type2.java to src/onlinePolicies/PolicySet_SLA_Type2.java
INFO utilities.FolderContentHandler.lambda$1: Moved file: tmp/FACPLFiles/PolicySet_SLA_Type1.java to src/onlinePolicies/PolicySet_SLA_Type1.java
INFO utilities.FolderContentHandler.lambda$1: Moved file: tmp/FACPLFiles/PolicySet_Release_Policies.java to src/onlinePolicies/PolicySet_Release_Policies.java
INFO utilities.OpenNebulaFACPLClassSetup.setup: Folder contents moved successfully.
INFO utilities.CodeExecutor.compileJavaFiles: Starting compilation of Java files in directory: src/onlinePolicies/
INFO utilities.CodeExecutor.compileJavaFiles: Compiling Java files...
INFO utilities.CodeExecutor.compileJavaFiles: Compilation successful.
INFO entryPoint.FACPLHandlingTemplate.compile: Compilation successful.
INFO entryPoint.ApplyPolicy.postProcess: Policies applied, listening to requests!
INFO utilities.OpenNebulaFACPLClassSetup.setup: Starting setup...
INFO utilities.FileMerger.mergeFiles: Files merged successfully to tmp/FACPLFiles/system.fpl
INFO utilities.OpenNebulaFACPLClassGenerator.generateClasses: FACPL class generation completed.
INFO utilities.OpenNebulaFACPLClassSetup.setup: Class generation completed successfully.
INFO utilities.FolderContentHandler.lambda$1: Moved file: tmp/FACPLFiles/PolicySet_Online_Generated.java to src/onlinePolicies/PolicySet_Online_Generated.java
INFO utilities.FolderContentHandler.lambda$1: Moved file: tmp/FACPLFiles/PolicySet_Create_Policies.java to src/onlinePolicies/PolicySet_Create_Policies.java
INFO utilities.FolderContentHandler.lambda$1: Moved file: tmp/FACPLFiles/system.fpl to src/onlinePolicies/system.fpl
INFO utilities.FolderContentHandler.lambda$1: Moved file: tmp/FACPLFiles/PolicySet_SLA_Type2.java to src/onlinePolicies/PolicySet_SLA_Type2.java
INFO utilities.FolderContentHandler.lambda$1: Moved file: tmp/FACPLFiles/PolicySet_SLA_Type1.java to src/onlinePolicies/PolicySet_SLA_Type1.java
INFO utilities.FolderContentHandler.lambda$1: Moved file: tmp/FACPLFiles/PolicySet_Release_Policies.java to src/onlinePolicies/PolicySet_Release_Policies.java
INFO utilities.OpenNebulaFACPLClassSetup.setup: Folder contents moved successfully.
INFO utilities.CodeExecutor.compileJavaFiles: Starting compilation of Java files in directory: src/onlinePolicies/
INFO utilities.CodeExecutor.compileJavaFiles: Compiling Java files...
INFO utilities.CodeExecutor.compileJavaFiles: Compilation successful.
INFO entryPoint.FACPLHandlingTemplate.compile: Compilation successful.
INFO entryPoint.ApplyPolicy.postProcess: Policies applied, listening to requests!
INFO utilities.OpenNebulaFACPLClassSetup.setup: Starting setup...
INFO utilities.FileMerger.mergeFiles: Files merged successfully to tmp/FACPLFiles/system.fpl
INFO utilities.OpenNebulaFACPLClassGenerator.generateClasses: FACPL class generation completed.
INFO utilities.OpenNebulaFACPLClassSetup.setup: Class generation completed successfully.
INFO utilities.FolderContentHandler.lambda$1: Moved file: tmp/FACPLFiles/ContextRequest_Online_Generated.java to src/onlinePolicies/ContextRequest_Online_Generated.java
INFO utilities.FolderContentHandler.lambda$1: Moved file: tmp/FACPLFiles/system.fpl to src/onlinePolicies/system.fpl
INFO utilities.OpenNebulaFACPLClassSetup.setup: Folder contents moved successfully.
INFO utilities.CodeExecutor.compileJavaFiles: Starting compilation of Java files in directory: src/onlinePolicies/
INFO utilities.CodeExecutor.compileJavaFiles: Compiling Java files...
INFO utilities.CodeExecutor.compileJavaFiles: Compilation successful.
INFO entryPoint.FACPLHandlingTemplate.compile: Compilation successful.
INFO entryPoint.RequestExecution.postProcess: Executing the compiled class for request handling...
INFO utilities.CodeExecutor.runCompiledClass: Running compiled class: MainFACPL
INFO utilities.CodeExecutor.runCompiledClass: Successfully ran class: MainFACPL
INFO entryPoint.RequestExecution.postProcess: Request execution completed.
INFO utilities.OpenNebulaFACPLClassSetup.setup: Starting setup...
INFO utilities.FileMerger.mergeFiles: Files merged successfully to tmp/FACPLFiles/system.fpl
INFO utilities.OpenNebulaFACPLClassGenerator.generateClasses: FACPL class generation completed.
INFO utilities.OpenNebulaFACPLClassSetup.setup: Class generation completed successfully.
INFO utilities.FolderContentHandler.lambda$1: Moved file: tmp/FACPLFiles/ContextRequest_Online_Generated.java to src/onlinePolicies/ContextRequest_Online_Generated.java
INFO utilities.FolderContentHandler.lambda$1: Moved file: tmp/FACPLFiles/system.fpl to src/onlinePolicies/system.fpl
INFO utilities.OpenNebulaFACPLClassSetup.setup: Folder contents moved successfully.
INFO utilities.CodeExecutor.compileJavaFiles: Starting compilation of Java files in directory: src/onlinePolicies/
INFO utilities.CodeExecutor.compileJavaFiles: Compiling Java files...
INFO utilities.CodeExecutor.compileJavaFiles: Compilation successful.
INFO entryPoint.FACPLHandlingTemplate.compile: Compilation successful.
INFO entryPoint.RequestExecution.postProcess: Executing the compiled class for request handling...
INFO utilities.CodeExecutor.runCompiledClass: Running compiled class: MainFACPL
INFO utilities.CodeExecutor.runCompiledClass: Successfully ran class: MainFACPL
INFO entryPoint.RequestExecution.postProcess: Request execution completed.
INFO utilities.OpenNebulaFACPLClassSetup.setup: Starting setup...
INFO utilities.FileMerger.mergeFiles: Files merged successfully to tmp/FACPLFiles/system.fpl
INFO utilities.OpenNebulaFACPLClassGenerator.generateClasses: FACPL class generation completed.
INFO utilities.OpenNebulaFACPLClassSetup.setup: Class generation completed successfully.
INFO utilities.FolderContentHandler.lambda$1: Moved file: tmp/FACPLFiles/PolicySet_Online_Generated.java to src/onlinePolicies/PolicySet_Online_Generated.java
INFO utilities.FolderContentHandler.lambda$1: Moved file: tmp/FACPLFiles/PolicySet_Create_Policies.java to src/onlinePolicies/PolicySet_Create_Policies.java
INFO utilities.FolderContentHandler.lambda$1: Moved file: tmp/FACPLFiles/system.fpl to src/onlinePolicies/system.fpl
INFO utilities.FolderContentHandler.lambda$1: Moved file: tmp/FACPLFiles/PolicySet_SLA_Type2.java to src/onlinePolicies/PolicySet_SLA_Type2.java
INFO utilities.FolderContentHandler.lambda$1: Moved file: tmp/FACPLFiles/PolicySet_SLA_Type1.java to src/onlinePolicies/PolicySet_SLA_Type1.java
INFO utilities.FolderContentHandler.lambda$1: Moved file: tmp/FACPLFiles/PolicySet_Release_Policies.java to src/onlinePolicies/PolicySet_Release_Policies.java
INFO utilities.OpenNebulaFACPLClassSetup.setup: Folder contents moved successfully.
INFO utilities.CodeExecutor.compileJavaFiles: Starting compilation of Java files in directory: src/onlinePolicies/
INFO utilities.CodeExecutor.compileJavaFiles: Compiling Java files...
INFO utilities.CodeExecutor.compileJavaFiles: Compilation successful.
INFO entryPoint.FACPLHandlingTemplate.compile: Compilation successful.
INFO entryPoint.ApplyPolicy.postProcess: Policies applied, listening to requests!
INFO utilities.OpenNebulaFACPLClassSetup.setup: Starting setup...
INFO utilities.FileMerger.mergeFiles: Files merged successfully to tmp/FACPLFiles/system.fpl
INFO utilities.OpenNebulaFACPLClassGenerator.generateClasses: FACPL class generation completed.
INFO utilities.OpenNebulaFACPLClassSetup.setup: Class generation completed successfully.
INFO utilities.FolderContentHandler.lambda$1: Moved file: tmp/FACPLFiles/PolicySet_Create_Policies.java to src/onlinePolicies/PolicySet_Create_Policies.java
INFO utilities.FolderContentHandler.lambda$1: Moved file: tmp/FACPLFiles/system.fpl to src/onlinePolicies/system.fpl
INFO utilities.FolderContentHandler.lambda$1: Moved file: tmp/FACPLFiles/PolicySet_SLA_Type2.java to src/onlinePolicies/PolicySet_SLA_Type2.java
INFO utilities.FolderContentHandler.lambda$1: Moved file: tmp/FACPLFiles/PolicySet_SLA_Type1.java to src/onlinePolicies/PolicySet_SLA_Type1.java
INFO utilities.FolderContentHandler.lambda$1: Moved file: tmp/FACPLFiles/PolicySet_Energy_Saving.java to src/onlinePolicies/PolicySet_Energy_Saving.java
INFO utilities.FolderContentHandler.lambda$1: Moved file: tmp/FACPLFiles/PolicySet_Release_Policies.java to src/onlinePolicies/PolicySet_Release_Policies.java
INFO utilities.OpenNebulaFACPLClassSetup.setup: Folder contents moved successfully.
INFO utilities.CodeExecutor.compileJavaFiles: Starting compilation of Java files in directory: src/onlinePolicies/
INFO utilities.CodeExecutor.compileJavaFiles: Compiling Java files...
INFO utilities.CodeExecutor.compileJavaFiles: Compilation successful.
INFO entryPoint.FACPLHandlingTemplate.compile: Compilation successful.
INFO entryPoint.ApplyPolicy.postProcess: Policies applied, listening to requests!
INFO utilities.OpenNebulaFACPLClassSetup.setup: Starting setup...
INFO utilities.FileMerger.mergeFiles: Files merged successfully to tmp/FACPLFiles/system.fpl
INFO utilities.OpenNebulaFACPLClassGenerator.generateClasses: FACPL class generation completed.
INFO utilities.OpenNebulaFACPLClassSetup.setup: Class generation completed successfully.
INFO utilities.FolderContentHandler.lambda$1: Moved file: tmp/FACPLFiles/PolicySet_Create_Policies.java to src/onlinePolicies/PolicySet_Create_Policies.java
INFO utilities.FolderContentHandler.lambda$1: Moved file: tmp/FACPLFiles/system.fpl to src/onlinePolicies/system.fpl
INFO utilities.FolderContentHandler.lambda$1: Moved file: tmp/FACPLFiles/PolicySet_SLA_Type2.java to src/onlinePolicies/PolicySet_SLA_Type2.java
INFO utilities.FolderContentHandler.lambda$1: Moved file: tmp/FACPLFiles/PolicySet_SLA_Type1.java to src/onlinePolicies/PolicySet_SLA_Type1.java
INFO utilities.FolderContentHandler.lambda$1: Moved file: tmp/FACPLFiles/PolicySet_Energy_Saving.java to src/onlinePolicies/PolicySet_Energy_Saving.java
INFO utilities.FolderContentHandler.lambda$1: Moved file: tmp/FACPLFiles/PolicySet_Release_Policies.java to src/onlinePolicies/PolicySet_Release_Policies.java
INFO utilities.OpenNebulaFACPLClassSetup.setup: Folder contents moved successfully.
INFO utilities.CodeExecutor.compileJavaFiles: Starting compilation of Java files in directory: src/onlinePolicies/
INFO utilities.CodeExecutor.compileJavaFiles: Compiling Java files...
INFO utilities.CodeExecutor.compileJavaFiles: Compilation successful.
INFO entryPoint.FACPLHandlingTemplate.compile: Compilation successful.
INFO entryPoint.ApplyPolicy.postProcess: Policies applied, listening to requests!
INFO utilities.OpenNebulaFACPLClassSetup.setup: Starting setup...
INFO utilities.FileMerger.mergeFiles: Files merged successfully to tmp/FACPLFiles/system.fpl
INFO utilities.OpenNebulaFACPLClassGenerator.generateClasses: FACPL class generation completed.
INFO utilities.OpenNebulaFACPLClassSetup.setup: Class generation completed successfully.
INFO utilities.FolderContentHandler.lambda$1: Moved file: tmp/FACPLFiles/ContextRequest_Online_Generated.java to src/onlinePolicies/ContextRequest_Online_Generated.java
INFO utilities.FolderContentHandler.lambda$1: Moved file: tmp/FACPLFiles/system.fpl to src/onlinePolicies/system.fpl
INFO utilities.OpenNebulaFACPLClassSetup.setup: Folder contents moved successfully.
INFO utilities.CodeExecutor.compileJavaFiles: Starting compilation of Java files in directory: src/onlinePolicies/
INFO utilities.CodeExecutor.compileJavaFiles: Compiling Java files...
INFO utilities.CodeExecutor.compileJavaFiles: Compilation successful.
INFO entryPoint.FACPLHandlingTemplate.compile: Compilation successful.
INFO entryPoint.RequestExecution.postProcess: Executing the compiled class for request handling...
INFO utilities.CodeExecutor.runCompiledClass: Running compiled class: MainFACPL
INFO utilities.CodeExecutor.runCompiledClass: Successfully ran class: MainFACPL
INFO entryPoint.RequestExecution.postProcess: Request execution completed.
INFO utilities.OpenNebulaFACPLClassSetup.setup: Starting setup...
INFO utilities.FileMerger.mergeFiles: Files merged successfully to tmp/FACPLFiles/system.fpl
INFO utilities.OpenNebulaFACPLClassGenerator.generateClasses: FACPL class generation completed.
INFO utilities.OpenNebulaFACPLClassSetup.setup: Class generation completed successfully.
INFO utilities.FolderContentHandler.lambda$1: Moved file: tmp/FACPLFiles/PolicySet_Create_Policies.java to src/onlinePolicies/PolicySet_Create_Policies.java
INFO utilities.FolderContentHandler.lambda$1: Moved file: tmp/FACPLFiles/system.fpl to src/onlinePolicies/system.fpl
INFO utilities.FolderContentHandler.lambda$1: Moved file: tmp/FACPLFiles/PolicySet_SLA_Type2.java to src/onlinePolicies/PolicySet_SLA_Type2.java
INFO utilities.FolderContentHandler.lambda$1: Moved file: tmp/FACPLFiles/PolicySet_SLA_Type1.java to src/onlinePolicies/PolicySet_SLA_Type1.java
INFO utilities.FolderContentHandler.lambda$1: Moved file: tmp/FACPLFiles/PolicySet_Energy_Saving.java to src/onlinePolicies/PolicySet_Energy_Saving.java
INFO utilities.FolderContentHandler.lambda$1: Moved file: tmp/FACPLFiles/PolicySet_Release_Policies.java to src/onlinePolicies/PolicySet_Release_Policies.java
INFO utilities.OpenNebulaFACPLClassSetup.setup: Folder contents moved successfully.
INFO utilities.CodeExecutor.compileJavaFiles: Starting compilation of Java files in directory: src/onlinePolicies/
INFO utilities.CodeExecutor.compileJavaFiles: Compiling Java files...
INFO utilities.CodeExecutor.compileJavaFiles: Compilation successful.
INFO entryPoint.FACPLHandlingTemplate.compile: Compilation successful.
INFO entryPoint.ApplyPolicy.postProcess: Policies applied, listening to requests!
INFO utilities.OpenNebulaFACPLClassSetup.setup: Starting setup...
INFO utilities.FileMerger.mergeFiles: Files merged successfully to tmp/FACPLFiles/system.fpl
INFO utilities.OpenNebulaFACPLClassGenerator.generateClasses: FACPL class generation completed.
INFO utilities.OpenNebulaFACPLClassSetup.setup: Class generation completed successfully.
INFO utilities.FolderContentHandler.lambda$1: Moved file: tmp/FACPLFiles/ContextRequest_Online_Generated.java to src/onlinePolicies/ContextRequest_Online_Generated.java
INFO utilities.FolderContentHandler.lambda$1: Moved file: tmp/FACPLFiles/system.fpl to src/onlinePolicies/system.fpl
INFO utilities.OpenNebulaFACPLClassSetup.setup: Folder contents moved successfully.
INFO utilities.CodeExecutor.compileJavaFiles: Starting compilation of Java files in directory: src/onlinePolicies/
INFO utilities.CodeExecutor.compileJavaFiles: Compiling Java files...
INFO utilities.CodeExecutor.compileJavaFiles: Compilation successful.
INFO entryPoint.FACPLHandlingTemplate.compile: Compilation successful.
INFO entryPoint.RequestExecution.postProcess: Executing the compiled class for request handling...
INFO utilities.CodeExecutor.runCompiledClass: Running compiled class: MainFACPL
INFO utilities.CodeExecutor.runCompiledClass: Successfully ran class: MainFACPL
INFO entryPoint.RequestExecution.postProcess: Request execution completed.
