This is pdfTeX, Version 3.14159265-2.6-1.40.20 (TeX Live 2019/Debian) (preloaded format=pdflatex 2024.9.1)  10 SEP 2024 16:03
entering extended mode
 \write18 enabled.
 file:line:error style messages enabled.
 %&-line parsing enabled.
**/var/lib/one/eclipse-workspace/Thesis/Thesis.tex
(/var/lib/one/eclipse-workspace/Thesis/Thesis.tex
LaTeX2e <2020-02-02> patch level 2
L3 programming layer <2020-02-14> (/usr/share/texlive/texmf-dist/tex/latex/koma-script/scrbook.cls
Document Class: scrbook 2020/01/24 v3.29 KOMA-Script document class (book)
(/usr/share/texlive/texmf-dist/tex/latex/koma-script/scrkbase.sty
Package: scrkbase 2020/01/24 v3.29 KOMA-Script package (KOMA-Script-dependent basics and keyval usage)
 (/usr/share/texlive/texmf-dist/tex/latex/koma-script/scrbase.sty
Package: scrbase 2020/01/24 v3.29 KOMA-Script package (KOMA-Script-independent basics and keyval usage)
 (/usr/share/texlive/texmf-dist/tex/latex/graphics/keyval.sty
Package: keyval 2014/10/28 v1.15 key=value parser (DPC)
\KV@toks@=\toks14
) (/usr/share/texlive/texmf-dist/tex/latex/koma-script/scrlfile.sty
Package: scrlfile 2020/01/24 v3.29 KOMA-Script package (loading files)
))) (/usr/share/texlive/texmf-dist/tex/latex/koma-script/tocbasic.sty
Package: tocbasic 2020/01/24 v3.29 KOMA-Script package (handling toc-files)
\scr@dte@tocline@numberwidth=\skip47
\scr@dte@tocline@numbox=\box45
)
Package tocbasic Info: omitting babel extension for `toc'
(tocbasic)             because of feature `nobabel' available
(tocbasic)             for `toc' on input line 137.
Class scrbook Info: You've used standard option `openright'.
(scrbook)           This is correct!
(scrbook)           Internally I'm using `open=right'.
(scrbook)           If you'd like to set the option with \KOMAoptions,
(scrbook)           you'd have to use `open=right' there
(scrbook)           instead of `openright', too.
 (/usr/share/texlive/texmf-dist/tex/latex/base/fleqn.clo
File: fleqn.clo 2016/12/29 v1.2b Standard LaTeX option (flush left equations)
\mathindent=\dimen134
Applying: [2015/01/01] Make \[ robust on input line 50.
LaTeX Info: Redefining \[ on input line 51.
Already applied: [0000/00/00] Make \[ robust on input line 62.
Applying: [2015/01/01] Make \] robust on input line 74.
LaTeX Info: Redefining \] on input line 75.
Already applied: [0000/00/00] Make \] robust on input line 83.
)
Package scrbook Info: You've used standard option `12pt'.
(scrbook)             This is correct!
(scrbook)             Internally I'm using `fontsize=12pt'.
(scrbook)             If you'd like to set the option with \KOMAoptions,
(scrbook)             you'd have to use `fontsize=12pt' there
(scrbook)             instead of `12pt', too.
Class scrbook Info: File `scrsize12pt.clo' used to setup font sizes on input line 2424.
 (/usr/share/texlive/texmf-dist/tex/latex/koma-script/scrsize12pt.clo
File: scrsize12pt.clo 2020/01/24 v3.29 KOMA-Script font size class option (12pt)
) (/usr/share/texlive/texmf-dist/tex/latex/koma-script/typearea.sty
Package: typearea 2020/01/24 v3.29 KOMA-Script package (type area)
\ta@bcor=\skip48
\ta@div=\count167
Package typearea Info: You've used standard option `a4paper'.
(typearea)             This is correct!
(typearea)             Internally I'm using `paper=a4'.
(typearea)             If you'd like to set the option with \KOMAoptions,
(typearea)             you'd have to use `paper=a4' there
(typearea)             instead of `a4paper', too.
\ta@hblk=\skip49
\ta@vblk=\skip50
\ta@temp=\skip51
\footheight=\skip52
Package typearea Info: These are the values describing the layout:
(typearea)             DIV  = 12
(typearea)             BCOR = 14.22636pt
(typearea)             \paperwidth      = 597.50793pt
(typearea)              \textwidth      = 437.46118pt
(typearea)              DIV departure   = -3%
(typearea)              \evensidemargin = 24.9436pt
(typearea)              \oddsidemargin  = -9.43683pt
(typearea)             \paperheight     = 845.04694pt
(typearea)              \textheight     = 548.5pt
(typearea)              \topmargin      = -1.84941pt
(typearea)              \headheight     = 18.125pt
(typearea)              \headsep        = 21.75pt
(typearea)              \topskip        = 12.0pt
(typearea)              \footskip       = 50.75pt
(typearea)              \baselineskip   = 14.5pt
(typearea)              on input line 1719.
)
\c@part=\count168
\c@chapter=\count169
\c@section=\count170
\c@subsection=\count171
\c@subsubsection=\count172
\c@paragraph=\count173
\c@subparagraph=\count174
\scr@dte@chapter@maxnumwidth=\skip53
Class scrbook Info: using compatibility default `afterindent=bysign'
(scrbook)           for `\chapter on input line 5545.
\scr@dte@section@maxnumwidth=\skip54
Class scrbook Info: using compatibility default `runin=bysign'
(scrbook)           for `\section on input line 5555.
Class scrbook Info: using compatibility default `afterindent=bysign'
(scrbook)           for `\section on input line 5555.
\scr@dte@part@maxnumwidth=\skip55
Class scrbook Info: using compatibility default `afterindent=true'
(scrbook)           for `\part on input line 5564.
\scr@dte@subsection@maxnumwidth=\skip56
Class scrbook Info: using compatibility default `runin=bysign'
(scrbook)           for `\subsection on input line 5574.
Class scrbook Info: using compatibility default `afterindent=bysign'
(scrbook)           for `\subsection on input line 5574.
\scr@dte@subsubsection@maxnumwidth=\skip57
Class scrbook Info: using compatibility default `runin=bysign'
(scrbook)           for `\subsubsection on input line 5584.
Class scrbook Info: using compatibility default `afterindent=bysign'
(scrbook)           for `\subsubsection on input line 5584.
\scr@dte@paragraph@maxnumwidth=\skip58
Class scrbook Info: using compatibility default `runin=bysign'
(scrbook)           for `\paragraph on input line 5594.
Class scrbook Info: using compatibility default `afterindent=bysign'
(scrbook)           for `\paragraph on input line 5594.
\scr@dte@subparagraph@maxnumwidth=\skip59
Class scrbook Info: using compatibility default `runin=bysign'
(scrbook)           for `\subparagraph on input line 5604.
Class scrbook Info: using compatibility default `afterindent=bysign'
(scrbook)           for `\subparagraph on input line 5604.
\abovecaptionskip=\skip60
\belowcaptionskip=\skip61
\c@pti@nb@sid@b@x=\box46
Package tocbasic Info: omitting babel extension for `lof'
(tocbasic)             because of feature `nobabel' available
(tocbasic)             for `lof' on input line 6846.
\scr@dte@figure@maxnumwidth=\skip62
\c@figure=\count175
Package tocbasic Info: omitting babel extension for `lot'
(tocbasic)             because of feature `nobabel' available
(tocbasic)             for `lot' on input line 6867.
\scr@dte@table@maxnumwidth=\skip63
\c@table=\count176
Class scrbook Info: Redefining `\numberline' on input line 7040.
\bibindent=\dimen135
)

Class scrbook Warning: Usage of package `tocbibind' together
(scrbook)              with a KOMA-Script class is not recommended.
(scrbook)              I'd suggest to use options like `listof=totoc'
(scrbook)              or `bibliography=totoc', or commands like
(scrbook)              `\setuptoc{toc}{totoc}' instead of this package,
(scrbook)              because it breaks several KOMA-Script features of
(scrbook)              the list of figures, list of tables, bibliography,
(scrbook)              index and the running head.
(scrbook)              Nevertheless, using requested
(scrbook)              package `tocbibind' on input line 16.

(/usr/share/texlive/texmf-dist/tex/latex/tocbibind/tocbibind.sty
Package: tocbibind 2010/10/13 v1.5k extra ToC listings
Package tocbibind Info: The document has chapter divisions on input line 50.


Package tocbibind Note: Using chapter style headings, unless overridden.

) (/usr/share/texlive/texmf-dist/tex/latex/base/inputenc.sty
Package: inputenc 2018/08/11 v1.3c Input encoding file
\inpenc@prehook=\toks15
\inpenc@posthook=\toks16
) (/usr/share/texlive/texmf-dist/tex/latex/base/fontenc.sty
Package: fontenc 2020/02/11 v2.0o Standard LaTeX package
) (/usr/share/texlive/texmf-dist/tex/generic/babel/babel.sty
Package: babel 2020/02/14 3.40 The Babel package
 (/usr/share/texlive/texmf-dist/tex/generic/babel/switch.def
File: switch.def 2020/02/14 3.40 Babel switching mechanism
) (/usr/share/texlive/texmf-dist/tex/generic/babel-italian/italian.ldf
Language: italian 2019/11/16 v.1.4.03 Italian support for the babel system
 (/usr/share/texlive/texmf-dist/tex/generic/babel/babel.def
File: babel.def 2020/02/14 3.40 Babel common definitions
\babel@savecnt=\count177
\U@D=\dimen136
 (/usr/share/texlive/texmf-dist/tex/generic/babel/txtbabel.def)
\bbl@readstream=\read2
\bbl@dirlevel=\count178
)
\it@lettering=\count179
\it@doublequoteactive=\count180
\it@ISOcompliance=\count181
)) (/usr/share/texlive/texmf-dist/tex/latex/etoolbox/etoolbox.sty
Package: etoolbox 2019/09/21 v2.5h e-TeX tools for LaTeX (JAW)
\etb@tempcnta=\count182
) (/usr/share/texlive/texmf-dist/tex/latex/csquotes/csquotes.sty
Package: csquotes 2019-12-06 v5.2j context-sensitive quotations (JAW)
\csq@reset=\count183
\csq@gtype=\count184
\csq@glevel=\count185
\csq@qlevel=\count186
\csq@maxlvl=\count187
\csq@tshold=\count188
\csq@ltx@everypar=\toks17
 (/usr/share/texlive/texmf-dist/tex/latex/csquotes/csquotes.def
File: csquotes.def 2019-12-06 v5.2j csquotes generic definitions (JAW)
)
Package csquotes Info: Trying to load configuration file 'csquotes.cfg'...
Package csquotes Info: ... configuration file loaded successfully.
 (/usr/share/texlive/texmf-dist/tex/latex/csquotes/csquotes.cfg
File: csquotes.cfg 
)) (/usr/share/texlive/texmf-dist/tex/latex/amsmath/amsmath.sty
Package: amsmath 2020/01/20 v2.17e AMS math features
\@mathmargin=\skip64

For additional information on amsmath, use the `?' option.
(/usr/share/texlive/texmf-dist/tex/latex/amsmath/amstext.sty
Package: amstext 2000/06/29 v2.01 AMS text
 (/usr/share/texlive/texmf-dist/tex/latex/amsmath/amsgen.sty
File: amsgen.sty 1999/11/30 v2.0 generic functions
\@emptytoks=\toks18
\ex@=\dimen137
)) (/usr/share/texlive/texmf-dist/tex/latex/amsmath/amsbsy.sty
Package: amsbsy 1999/11/29 v1.2d Bold Symbols
\pmbraise@=\dimen138
) (/usr/share/texlive/texmf-dist/tex/latex/amsmath/amsopn.sty
Package: amsopn 2016/03/08 v2.02 operator names
)
\inf@bad=\count189
LaTeX Info: Redefining \frac on input line 227.
\uproot@=\count190
\leftroot@=\count191
LaTeX Info: Redefining \overline on input line 389.
\classnum@=\count192
\DOTSCASE@=\count193
LaTeX Info: Redefining \ldots on input line 486.
LaTeX Info: Redefining \dots on input line 489.
LaTeX Info: Redefining \cdots on input line 610.
\Mathstrutbox@=\box47
\strutbox@=\box48
\big@size=\dimen139
LaTeX Font Info:    Redeclaring font encoding OML on input line 733.
LaTeX Font Info:    Redeclaring font encoding OMS on input line 734.
\macc@depth=\count194
\c@MaxMatrixCols=\count195
\dotsspace@=\muskip16
\c@parentequation=\count196
\dspbrk@lvl=\count197
\tag@help=\toks19
\row@=\count198
\column@=\count199
\maxfields@=\count266
\andhelp@=\toks20
\eqnshift@=\dimen140
\alignsep@=\dimen141
\tagshift@=\dimen142
\tagwidth@=\dimen143
\totwidth@=\dimen144
\lineht@=\dimen145
\@envbody=\toks21
\multlinegap=\skip65
\multlinetaggap=\skip66
\mathdisplay@stack=\toks22
LaTeX Info: Redefining \[ on input line 2859.
LaTeX Info: Redefining \] on input line 2860.
) (/usr/share/texlive/texmf-dist/tex/latex/ellipsis/ellipsis.sty
Package: ellipsis 2004/9/28 v1.6 ellipsis: fixes spacing around \dots 
 (/usr/share/texlive/texmf-dist/tex/latex/tools/xspace.sty
Package: xspace 2014/10/28 v1.13 Space after command names (DPC,MH)
)) (/usr/share/texlive/texmf-dist/tex/latex/listings/listings.sty
\lst@mode=\count267
\lst@gtempboxa=\box49
\lst@token=\toks23
\lst@length=\count268
\lst@currlwidth=\dimen146
\lst@column=\count269
\lst@pos=\count270
\lst@lostspace=\dimen147
\lst@width=\dimen148
\lst@newlines=\count271
\lst@lineno=\count272
\lst@maxwidth=\dimen149
 (/usr/share/texlive/texmf-dist/tex/latex/listings/lstmisc.sty
File: lstmisc.sty 2019/09/10 1.8c (Carsten Heinz)
\c@lstnumber=\count273
\lst@skipnumbers=\count274
\lst@framebox=\box50
) (/usr/share/texlive/texmf-dist/tex/latex/listings/listings.cfg
File: listings.cfg 2019/09/10 1.8c listings configuration
))
Package: listings 2019/09/10 1.8c (Carsten Heinz)
 (/usr/share/texlive/texmf-dist/tex/latex/subfig/subfig.sty
Package: subfig 2005/06/28 ver: 1.3 subfig package
 (/usr/share/texlive/texmf-dist/tex/latex/caption/caption.sty
Package: caption 2020/01/03 v3.4h Customizing captions (AR)
 (/usr/share/texlive/texmf-dist/tex/latex/caption/caption3.sty
Package: caption3 2020/01/03 v1.8h caption3 kernel (AR)
Package caption3 Info: TeX engine: e-TeX on input line 61.
\captionmargin=\dimen150
\captionmargin@=\dimen151
\captionwidth=\dimen152
\caption@tempdima=\dimen153
\caption@indent=\dimen154
\caption@parindent=\dimen155
\caption@hangindent=\dimen156
Package caption Info: KOMA-Script document class detected.
)
Package caption Info: KOMA-Script document class.
\c@caption@flags=\count275
\c@continuedfloat=\count276
Package caption Info: listings package is loaded.
)
\c@KVtest=\count277
\sf@farskip=\skip67
\sf@captopadj=\dimen157
\sf@capskip=\skip68
\sf@nearskip=\skip69
\c@subfigure=\count278
\c@subfigure@save=\count279
\c@lofdepth=\count280
\c@subtable=\count281
\c@subtable@save=\count282
\c@lotdepth=\count283
\sf@top=\skip70
\sf@bottom=\skip71
) (/usr/share/texlive/texmf-dist/tex/latex/appendix/appendix.sty
Package: appendix 2020/02/08 v1.2c extra appendix facilities
\c@@pps=\count284
\c@@ppsavesec=\count285
\c@@ppsaveapp=\count286
) (/usr/share/texlive/texmf-dist/tex/latex/siunitx/siunitx.sty (/usr/share/texlive/texmf-dist/tex/latex/l3kernel/expl3.sty
Package: expl3 2020-02-14 L3 programming layer (loader) 
 (/usr/share/texlive/texmf-dist/tex/latex/l3backend/l3backend-pdfmode.def
File: l3backend-pdfmode.def 2020-02-03 L3 backend support: PDF mode
\l__kernel_color_stack_int=\count287
\l__pdf_internal_box=\box51
)) (/usr/share/texlive/texmf-dist/tex/latex/l3packages/xparse/xparse.sty
Package: xparse 2020-02-14 L3 Experimental document command parser
\l__xparse_current_arg_int=\count288
\g__xparse_grabber_int=\count289
\l__xparse_m_args_int=\count290
\l__xparse_v_nesting_int=\count291
)
Package: siunitx 2020/01/15 v2.7u A comprehensive (SI) units package
 (/usr/share/texlive/texmf-dist/tex/latex/tools/array.sty
Package: array 2019/08/31 v2.4l Tabular extension package (FMi)
\col@sep=\dimen158
\ar@mcellbox=\box52
\extrarowheight=\dimen159
\NC@list=\toks24
\extratabsurround=\skip72
\backup@length=\skip73
\ar@cellbox=\box53
) (/usr/share/texlive/texmf-dist/tex/latex/l3packages/l3keys2e/l3keys2e.sty
Package: l3keys2e 2020-02-14 LaTeX2e option processing using LaTeX3 keys
)
\l__siunitx_tmp_box=\box54
\l__siunitx_tmp_dim=\dimen160
\l__siunitx_tmp_int=\count292
\l__siunitx_number_mantissa_length_int=\count293
\l__siunitx_number_uncert_length_int=\count294
\l__siunitx_round_int=\count295
\l__siunitx_process_decimal_int=\count296
\l__siunitx_process_uncertainty_int=\count297
\l__siunitx_process_fixed_int=\count298
\l__siunitx_process_integer_min_int=\count299
\l__siunitx_process_precision_int=\count300
\l__siunitx_group_min_int=\count301
\l__siunitx_angle_marker_box=\box55
\l__siunitx_angle_unit_box=\box56
\l__siunitx_angle_marker_dim=\dimen161
\l__siunitx_angle_unit_dim=\dimen162
\l__siunitx_unit_int=\count302
\l__siunitx_unit_denominator_int=\count303
\l__siunitx_unit_numerator_int=\count304
\l__siunitx_unit_prefix_int=\count305
\l__siunitx_unit_prefix_base_int=\count306
\l__siunitx_unit_prefix_gram_int=\count307
\l__siunitx_number_product_int=\count308
\c__siunitx_one_fill_skip=\skip74
\l__siunitx_table_unit_align_skip=\skip75
\l__siunitx_table_exponent_dim=\dimen163
\l__siunitx_table_integer_dim=\dimen164
\l__siunitx_table_mantissa_dim=\dimen165
\l__siunitx_table_marker_dim=\dimen166
\l__siunitx_table_result_dim=\dimen167
\l__siunitx_table_uncert_dim=\dimen168
\l__siunitx_table_fill_pre_dim=\dimen169
\l__siunitx_table_fill_post_dim=\dimen170
\l__siunitx_table_fill_mid_dim=\dimen171
\l__siunitx_table_pre_box=\box57
\l__siunitx_table_post_box=\box58
\l__siunitx_table_mantissa_box=\box59
\l__siunitx_table_result_box=\box60
\l__siunitx_table_number_align_skip=\skip76
\l__siunitx_table_text_align_skip=\skip77
 (/usr/share/texlive/texmf-dist/tex/latex/translator/translator.sty
Package: translator 2019-05-31 v1.12a Easy translation of strings in LaTeX
)) (/usr/share/texlive/texmf-dist/tex/latex/graphics/graphicx.sty
Package: graphicx 2019/11/30 v1.2a Enhanced LaTeX Graphics (DPC,SPQR)
 (/usr/share/texlive/texmf-dist/tex/latex/graphics/graphics.sty
Package: graphics 2019/11/30 v1.4a Standard LaTeX Graphics (DPC,SPQR)
 (/usr/share/texlive/texmf-dist/tex/latex/graphics/trig.sty
Package: trig 2016/01/03 v1.10 sin cos tan (DPC)
) (/usr/share/texlive/texmf-dist/tex/latex/graphics-cfg/graphics.cfg
File: graphics.cfg 2016/06/04 v1.11 sample graphics configuration
)
Package graphics Info: Driver file: pdftex.def on input line 105.
 (/usr/share/texlive/texmf-dist/tex/latex/graphics-def/pdftex.def
File: pdftex.def 2018/01/08 v1.0l Graphics/color driver for pdftex
))
\Gin@req@height=\dimen172
\Gin@req@width=\dimen173
) (/var/lib/one/eclipse-workspace/Thesis/classicthesis.sty
Package: classicthesis 2018/06/03 v4.6 Typographic style for a classic-looking thesis
 (/usr/share/texlive/texmf-dist/tex/latex/base/ifthen.sty
Package: ifthen 2014/09/29 v1.1c Standard LaTeX ifthen package (DPC)
) (/usr/share/texlive/texmf-dist/tex/latex/kvoptions/kvoptions.sty
Package: kvoptions 2019/11/29 v3.13 Key value format for package options (HO)
 (/usr/share/texlive/texmf-dist/tex/generic/ltxcmds/ltxcmds.sty
Package: ltxcmds 2019/12/15 v1.24 LaTeX kernel commands for general use (HO)
) (/usr/share/texlive/texmf-dist/tex/generic/kvsetkeys/kvsetkeys.sty
Package: kvsetkeys 2019/12/15 v1.18 Key value parser (HO)
)) (/usr/share/texlive/texmf-dist/tex/generic/iftex/ifpdf.sty
Package: ifpdf 2019/10/25 v3.4 ifpdf legacy package. Use iftex instead.
 (/usr/share/texlive/texmf-dist/tex/generic/iftex/iftex.sty
Package: iftex 2019/11/07 v1.0c TeX engine tests
)) (/usr/share/texlive/texmf-dist/tex/generic/iftex/ifxetex.sty
Package: ifxetex 2019/10/25 v0.7 ifxetex legacy package. Use iftex instead.
) (/usr/share/texlive/texmf-dist/tex/generic/iftex/ifluatex.sty
Package: ifluatex 2019/10/25 v1.5 ifluatex legacy package. Use iftex instead.
) (/usr/share/texlive/texmf-dist/tex/latex/xcolor/xcolor.sty
Package: xcolor 2016/05/11 v2.12 LaTeX color extensions (UK)
 (/usr/share/texlive/texmf-dist/tex/latex/graphics-cfg/color.cfg
File: color.cfg 2016/01/02 v1.6 sample color configuration
)
Package xcolor Info: Driver file: pdftex.def on input line 225.
Package xcolor Info: Model `cmy' substituted by `cmy0' on input line 1348.
Package xcolor Info: Model `hsb' substituted by `rgb' on input line 1352.
Package xcolor Info: Model `RGB' extended on input line 1364.
Package xcolor Info: Model `HTML' substituted by `rgb' on input line 1366.
Package xcolor Info: Model `Hsb' substituted by `hsb' on input line 1367.
Package xcolor Info: Model `tHsb' substituted by `hsb' on input line 1368.
Package xcolor Info: Model `HSB' substituted by `hsb' on input line 1369.
Package xcolor Info: Model `Gray' substituted by `gray' on input line 1370.
Package xcolor Info: Model `wave' substituted by `hsb' on input line 1371.
 (/usr/share/texlive/texmf-dist/tex/latex/graphics/dvipsnam.def
File: dvipsnam.def 2016/06/17 v3.0m Driver-dependent file (DPC,SPQR)
)) (/usr/share/texlive/texmf-dist/tex/latex/psnfss/mathpazo.sty
Package: mathpazo 2005/04/12 PSNFSS-v9.2a Palatino w/ Pazo Math (D.Puga, WaS) 
\symupright=\mathgroup4
) (/usr/share/texlive/texmf-dist/tex/latex/bera/beramono.sty
Package: beramono 2004/01/31 (WaS)
) (/usr/share/texlive/texmf-dist/tex/latex/eulervm/eulervm.sty
Package: eulervm 2005/01/11 v4.0 (WaS)
)
LaTeX Font Info:    Trying to load font information for U+eur on input line 210.
 (/usr/share/texlive/texmf-dist/tex/latex/amsfonts/ueur.fd
File: ueur.fd 2013/01/14 v3.01 Euler Roman
) (/usr/share/texlive/texmf-dist/tex/latex/microtype/microtype.sty
Package: microtype 2019/11/18 v2.7d Micro-typographical refinements (RS)
\MT@toks=\toks25
\MT@count=\count309
LaTeX Info: Redefining \textls on input line 790.
\MT@outer@kern=\dimen174
LaTeX Info: Redefining \textmicrotypecontext on input line 1354.
\MT@listname@count=\count310
 (/usr/share/texlive/texmf-dist/tex/latex/microtype/microtype-pdftex.def
File: microtype-pdftex.def 2019/11/18 v2.7d Definitions specific to pdftex (RS)
LaTeX Info: Redefining \lsstyle on input line 914.
LaTeX Info: Redefining \lslig on input line 914.
\MT@outer@space=\skip78
)
Package microtype Info: Loading configuration file microtype.cfg.
 (/usr/share/texlive/texmf-dist/tex/latex/microtype/microtype.cfg
File: microtype.cfg 2019/11/18 v2.7d microtype main configuration file (RS)
))
Package classicthesis Info: A4 paper, Palatino or other on input line 258.
Package typearea Info: These are the values describing the layout:
(typearea)             DIV  = areaset
(typearea)             BCOR = 14.22636pt
(typearea)             \paperwidth      = 597.50793pt
(typearea)              \textwidth      = 336.0pt
(typearea)              \evensidemargin = 92.58438pt
(typearea)              \oddsidemargin  = 24.38356pt
(typearea)             \paperheight     = 845.04694pt
(typearea)              \textheight     = 660.5pt
(typearea)              \topmargin      = -40.58768pt
(typearea)              \headheight     = 17.0pt
(typearea)              \headsep        = 21.75pt
(typearea)              \topskip        = 12.0pt
(typearea)              \footskip       = 50.75pt
(typearea)              \baselineskip   = 14.5pt
(typearea)              on input line 258.
 (/usr/share/texlive/texmf-dist/tex/latex/mparhack/mparhack.sty
Package: mparhack 2005/04/17 v1.4 (T. Sgouros and S. Ulrich)
) (/usr/share/texlive/texmf-dist/tex/latex/booktabs/booktabs.sty
Package: booktabs 2020/01/12 v1.61803398 Publication quality tables
\heavyrulewidth=\dimen175
\lightrulewidth=\dimen176
\cmidrulewidth=\dimen177
\belowrulesep=\dimen178
\belowbottomsep=\dimen179
\aboverulesep=\dimen180
\abovetopsep=\dimen181
\cmidrulesep=\dimen182
\cmidrulekern=\dimen183
\defaultaddspace=\dimen184
\@cmidla=\count311
\@cmidlb=\count312
\@aboverulesep=\dimen185
\@belowrulesep=\dimen186
\@thisruleclass=\count313
\@lastruleclass=\count314
\@thisrulewidth=\dimen187
) (/usr/share/texlive/texmf-dist/tex/latex/textcase/textcase.sty
Package: textcase 2019/09/14 v1.00 Text only upper/lower case changing (DPC)
)
Package classicthesis Info: Using microtype for character spacing.Make sure your pdflatex is version 1.40 or higher. on input line 328.
 (/usr/share/texlive/texmf-dist/tex/latex/koma-script/scrlayer-scrpage.sty
Package: scrlayer-scrpage 2020/01/24 v3.29 KOMA-Script package (end user interface for scrlayer)
 (/usr/share/texlive/texmf-dist/tex/latex/koma-script/scrlayer.sty
Package: scrlayer 2020/01/24 v3.29 KOMA-Script package (defining layers and page styles)
Package scrlayer Info: Using already defined \footheight
(scrlayer)             hoping, that this is a length and
(scrlayer)             not only a macro on input line 109.
Package scrlayer Info: patching LaTeX kernel macro \pagestyle on input line 2106.
)
Package scrlayer-scrpage Info: Makeing stand-alone element `pagehead' from
(scrlayer-scrpage)             alias to `pageheadfoot' on input line 1244.
Package scrlayer-scrpage Info: deactivating warning for font element
(scrlayer-scrpage)             `pagefoot' on input line 1271.
)
Package scrlayer-scrpage Info: auto-selection of `pagestyleset=KOMA-Script'.

1: section
1: chapter
1: chapter
1: section
(/usr/share/texlive/texmf-dist/tex/latex/titlesec/titlesec.sty
Package: titlesec 2019/10/16 v2.13 Sectioning titles
\ttl@box=\box61
\beforetitleunit=\skip79
\aftertitleunit=\skip80
\ttl@plus=\dimen188
\ttl@minus=\dimen189
\ttl@toksa=\toks26
\titlewidth=\dimen190
\titlewidthlast=\dimen191
\titlewidthfirst=\dimen192


Package titlesec Warning: Non standard sectioning command \section
(titlesec)                detected. Using default spacing and no format.


Package titlesec Warning: Non standard sectioning command \subsection
(titlesec)                detected. Using default spacing and no format.


Package titlesec Warning: Non standard sectioning command \subsubsection
(titlesec)                detected. Using default spacing and no format.


Package titlesec Warning: Non standard sectioning command \paragraph
(titlesec)                detected. Using default spacing and no format.


Package titlesec Warning: Non standard sectioning command \subparagraph
(titlesec)                detected. Using default spacing and no format.

)
Class scrbook Info: Unknown `titesec' release.
(scrbook)           Cross your fingers, that is compatible on input line 369.


Class scrbook Warning: Usage of package `tocloft' together
(scrbook)              with a KOMA-Script class is not recommended.
(scrbook)              I'd suggest to use options like `listof=entryprefix',
(scrbook)              commands like `\listoflofentryname' or
(scrbook)              `\listoflotentryname', and `\DeclareTOCStyleEntry' or
(scrbook)              `\RedeclareSectionCommand' instead of this package,
(scrbook)              because it breaks several KOMA-Script features of
(scrbook)              the list of figures, list of tables and table of
(scrbook)              contents, i.e., options like `listof=numbered',
(scrbook)              `listof=flat or `toc=flat', commands like
(scrbook)              `\BeforeTOCHead{...}' and `\AfterTOCHead{...}',
(scrbook)              `\BeforeStartingTOC{...}' and \AfterStartingTOC{...}',
(scrbook)              all features of `\DeclareTOCStyleEntry',
(scrbook)              and the ToC entry features of `\DeclareSecionCommand'
(scrbook)              and `\RedeclareSectionCommand' of levels
(scrbook)              `part', `section', `subsection',
(scrbook)              `subsubsection', `paragraph' and `subparagraph'.
(scrbook)              Nevertheless, using requested
(scrbook)              package `tocloft' on input line 423.

(/usr/share/texlive/texmf-dist/tex/latex/tocloft/tocloft.sty
Package: tocloft 2017/08/31 v2.3i parameterised ToC, etc., typesetting
Package tocloft Info: The document has chapter divisions on input line 51.
\cftparskip=\skip81
\cftbeforetoctitleskip=\skip82
\cftaftertoctitleskip=\skip83
\cftbeforepartskip=\skip84
\cftpartnumwidth=\skip85
\cftpartindent=\skip86
\cftbeforechapskip=\skip87
\cftchapindent=\skip88
\cftchapnumwidth=\skip89
\cftbeforesecskip=\skip90
\cftsecindent=\skip91
\cftsecnumwidth=\skip92
\cftbeforesubsecskip=\skip93
\cftsubsecindent=\skip94
\cftsubsecnumwidth=\skip95
\cftbeforesubsubsecskip=\skip96
\cftsubsubsecindent=\skip97
\cftsubsubsecnumwidth=\skip98
\cftbeforeparaskip=\skip99
\cftparaindent=\skip100
\cftparanumwidth=\skip101
\cftbeforesubparaskip=\skip102
\cftsubparaindent=\skip103
\cftsubparanumwidth=\skip104
\cftbeforeloftitleskip=\skip105
\cftafterloftitleskip=\skip106
\cftbeforefigskip=\skip107
\cftfigindent=\skip108
\cftfignumwidth=\skip109
\cftbeforelottitleskip=\skip110
\cftafterlottitleskip=\skip111
\cftbeforetabskip=\skip112
\cfttabindent=\skip113
\cfttabnumwidth=\skip114
\cftbeforesubfigskip=\skip115
\cftsubfigindent=\skip116
\cftsubfignumwidth=\skip117
\cftbeforesubtabskip=\skip118
\cftsubtabindent=\skip119
\cftsubtabnumwidth=\skip120
)
\newnumberwidth=\skip121
\beforebibskip=\skip122
\newchnumberwidth=\skip123
\figurelabelwidth=\skip124
\tablelabelwidth=\skip125
\c@listings=\count315
\cftbeforelistingsskip=\skip126
\cftlistingsindent=\skip127
\cftlistingsnumwidth=\skip128
\c@loldepth=\count316
\cftbeforeloltitleskip=\skip129
\cftafterloltitleskip=\skip130
\listingslabelwidth=\skip131
 Using KOMA-command "deffootnote" for footnote setup (/usr/share/texlive/texmf-dist/tex/latex/koma-script/scrtime.sty
Package: scrtime 2020/01/24 v3.29 KOMA-Script package (time of LaTeX run)
) (/usr/share/texlive/texmf-dist/tex/latex/carlisle/remreset.sty) (/usr/share/texlive/texmf-dist/tex/latex/svg/svg.sty
Package: svg 2020/01/13 v2.02e (include SVG pictures)
 (/usr/share/texlive/texmf-dist/tex/latex/pdftexcmds/pdftexcmds.sty
Package: pdftexcmds 2019/11/24 v0.31 Utility functions of pdfTeX for LuaTeX (HO)
 (/usr/share/texlive/texmf-dist/tex/generic/infwarerr/infwarerr.sty
Package: infwarerr 2019/12/03 v1.5 Providing info/warning/error messages (HO)
)
Package pdftexcmds Info: \pdf@primitive is available.
Package pdftexcmds Info: \pdf@ifprimitive is available.
Package pdftexcmds Info: \pdfdraftmode found.
) (/usr/share/texlive/texmf-dist/tex/latex/tools/shellesc.sty
Package: shellesc 2019/11/08 v1.0c unified shell escape interface for LaTeX
Package shellesc Info: Unrestricted shell escape enabled on input line 75.
) (/usr/share/texlive/texmf-dist/tex/latex/trimspaces/trimspaces.sty
Package: trimspaces 2009/09/17 v1.1 Trim spaces around a token list
)
\svg@box=\box62
\c@svg@param@lastpage=\count317
\c@svg@param@currpage=\count318
 (/usr/share/texlive/texmf-dist/tex/latex/ifplatform/ifplatform.sty
Package: ifplatform 2017/10/13 v0.4a Testing for the operating system
 (/usr/share/texlive/texmf-dist/tex/generic/catchfile/catchfile.sty
Package: catchfile 2019/12/09 v1.8 Catch the contents of a file (HO)
 (/usr/share/texlive/texmf-dist/tex/generic/etexcmds/etexcmds.sty
Package: etexcmds 2019/12/15 v1.7 Avoid name clashes with e-TeX commands (HO)
))
runsystem(uname -s > "Thesis.w18")...executed.

 (/var/lib/one/eclipse-workspace/Thesis/Thesis.w18)
runsystem(rm -- "Thesis.w18")...executed.

)) (/usr/share/texlive/texmf-dist/tex/latex/transparent/transparent.sty
Package: transparent 2019/11/29 v1.4 Transparency via pdfTeX's color stack (HO)
 (/usr/share/texlive/texmf-dist/tex/latex/auxhook/auxhook.sty
Package: auxhook 2019-12-17 v1.6 Hooks for auxiliary files (HO)
)) (/usr/share/texlive/texmf-dist/tex/latex/minted/minted.sty
Package: minted 2017/07/19 v2.5 Yet another Pygments shim for LaTeX
 (/usr/share/texlive/texmf-dist/tex/latex/fvextra/fvextra.sty
Package: fvextra 2019/02/04 v1.4 fvextra - extensions and patches for fancyvrb
 (/usr/share/texlive/texmf-dist/tex/latex/fancyvrb/fancyvrb.sty
Package: fancyvrb 2020/01/13 v3.5 verbatim text (tvz,hv)
\FV@CodeLineNo=\count319
\FV@InFile=\read3
\FV@TabBox=\box63
\c@FancyVerbLine=\count320
\FV@StepNumber=\count321
\FV@OutFile=\write3
) (/usr/share/texlive/texmf-dist/tex/latex/upquote/upquote.sty
Package: upquote 2012/04/19 v1.3 upright-quote and grave-accent glyphs in verbatim
 (/usr/share/texlive/texmf-dist/tex/latex/base/textcomp.sty
Package: textcomp 2020/02/02 v2.0n Standard LaTeX package
)) (/usr/share/texlive/texmf-dist/tex/latex/lineno/lineno.sty
Package: lineno 2005/11/02 line numbers on paragraphs v4.41
\linenopenalty=\count322
\output=\toks27
\linenoprevgraf=\count323
\linenumbersep=\dimen193
\linenumberwidth=\dimen194
\c@linenumber=\count324
\c@pagewiselinenumber=\count325
\c@LN@truepage=\count326
\c@internallinenumber=\count327
\c@internallinenumbers=\count328
\quotelinenumbersep=\dimen195
\bframerule=\dimen196
\bframesep=\dimen197
\bframebox=\box64


LaTeX Warning: Command \@parboxrestore  has changed.
               Check if current package is valid.

LaTeX Info: Redefining \\ on input line 3056.
)

Package fvextra Warning: csquotes should be loaded after fvextra, to avoid a warning from the lineno package on input line 37.

\c@FV@TrueTabGroupLevel=\count329
\c@FV@TrueTabCounter=\count330
\FV@TabBox@Group=\box65
\FV@TmpLength=\skip132
\c@FV@HighlightLinesStart=\count331
\c@FV@HighlightLinesStop=\count332
\FV@LoopCount=\count333
\FV@NCharsBox=\box66
\FV@BreakIndent=\dimen198
\FV@BreakIndentNChars=\count334
\FV@BreakSymbolSepLeft=\dimen199
\FV@BreakSymbolSepLeftNChars=\count335
\FV@BreakSymbolSepRight=\dimen256
\FV@BreakSymbolSepRightNChars=\count336
\FV@BreakSymbolIndentLeft=\dimen257
\FV@BreakSymbolIndentLeftNChars=\count337
\FV@BreakSymbolIndentRight=\dimen258
\FV@BreakSymbolIndentRightNChars=\count338
\c@FancyVerbLineBreakLast=\count339
\FV@LineBox=\box67
\FV@LineIndentBox=\box68
\FV@LineWidth=\dimen259
) (/usr/share/texlive/texmf-dist/tex/latex/tools/calc.sty
Package: calc 2017/05/25 v4.3 Infix arithmetic (KKT,FJ)
\calc@Acount=\count340
\calc@Bcount=\count341
\calc@Adimen=\dimen260
\calc@Bdimen=\dimen261
\calc@Askip=\skip133
\calc@Bskip=\skip134
LaTeX Info: Redefining \setlength on input line 80.
LaTeX Info: Redefining \addtolength on input line 81.
\calc@Ccount=\count342
\calc@Cskip=\skip135
) (/usr/share/texlive/texmf-dist/tex/generic/xstring/xstring.sty (/usr/share/texlive/texmf-dist/tex/generic/xstring/xstring.tex
\integerpart=\count343
\decimalpart=\count344
)
Package: xstring 2019/02/06 v1.83 String manipulations (CT)
) (/usr/share/texlive/texmf-dist/tex/latex/framed/framed.sty
Package: framed 2011/10/22 v 0.96: framed or shaded text with page breaks
\OuterFrameSep=\skip136
\fb@frw=\dimen262
\fb@frh=\dimen263
\FrameRule=\dimen264
\FrameSep=\dimen265
) (/usr/share/texlive/texmf-dist/tex/latex/float/float.sty
Package: float 2001/11/08 v1.3d Float enhancements (AL)
\c@float@type=\count345
\float@exts=\toks28
\float@box=\box69
\@float@everytoks=\toks29
\@floatcapt=\box70
)
\minted@appexistsfile=\read4
\minted@bgbox=\box71
\minted@code=\write4
\c@minted@FancyVerbLineTemp=\count346
\c@minted@pygmentizecounter=\count347
\@float@every@listing=\toks30
\c@listing=\count348
)
runsystem(mkdir -p _minted-Thesis)...executed.

 (/usr/share/texlive/texmf-dist/tex/latex/tcolorbox/tcolorbox.sty
Package: tcolorbox 2019/11/15 version 4.22 text color boxes
 (/usr/share/texlive/texmf-dist/tex/latex/pgf/basiclayer/pgf.sty (/usr/share/texlive/texmf-dist/tex/latex/pgf/utilities/pgfrcs.sty (/usr/share/texlive/texmf-dist/tex/generic/pgf/utilities/pgfutil-common.tex
\pgfutil@everybye=\toks31
\pgfutil@tempdima=\dimen266
\pgfutil@tempdimb=\dimen267
 (/usr/share/texlive/texmf-dist/tex/generic/pgf/utilities/pgfutil-common-lists.tex)) (/usr/share/texlive/texmf-dist/tex/generic/pgf/utilities/pgfutil-latex.def
\pgfutil@abb=\box72
 (/usr/share/texlive/texmf-dist/tex/latex/ms/everyshi.sty
Package: everyshi 2001/05/15 v3.00 EveryShipout Package (MS)
)) (/usr/share/texlive/texmf-dist/tex/generic/pgf/utilities/pgfrcs.code.tex (/usr/share/texlive/texmf-dist/tex/generic/pgf/pgf.revision.tex)
Package: pgfrcs 2020/01/08 v3.1.5b (3.1.5b)
))
Package: pgf 2020/01/08 v3.1.5b (3.1.5b)
 (/usr/share/texlive/texmf-dist/tex/latex/pgf/basiclayer/pgfcore.sty (/usr/share/texlive/texmf-dist/tex/latex/pgf/systemlayer/pgfsys.sty (/usr/share/texlive/texmf-dist/tex/generic/pgf/systemlayer/pgfsys.code.tex
Package: pgfsys 2020/01/08 v3.1.5b (3.1.5b)
 (/usr/share/texlive/texmf-dist/tex/generic/pgf/utilities/pgfkeys.code.tex
\pgfkeys@pathtoks=\toks32
\pgfkeys@temptoks=\toks33
 (/usr/share/texlive/texmf-dist/tex/generic/pgf/utilities/pgfkeysfiltered.code.tex
\pgfkeys@tmptoks=\toks34
))
\pgf@x=\dimen268
\pgf@y=\dimen269
\pgf@xa=\dimen270
\pgf@ya=\dimen271
\pgf@xb=\dimen272
\pgf@yb=\dimen273
\pgf@xc=\dimen274
\pgf@yc=\dimen275
\pgf@xd=\dimen276
\pgf@yd=\dimen277
\w@pgf@writea=\write5
\r@pgf@reada=\read5
\c@pgf@counta=\count349
\c@pgf@countb=\count350
\c@pgf@countc=\count351
\c@pgf@countd=\count352
\t@pgf@toka=\toks35
\t@pgf@tokb=\toks36
\t@pgf@tokc=\toks37
\pgf@sys@id@count=\count353
 (/usr/share/texlive/texmf-dist/tex/generic/pgf/systemlayer/pgf.cfg
File: pgf.cfg 2020/01/08 v3.1.5b (3.1.5b)
)
Driver file for pgf: pgfsys-pdftex.def
 (/usr/share/texlive/texmf-dist/tex/generic/pgf/systemlayer/pgfsys-pdftex.def
File: pgfsys-pdftex.def 2020/01/08 v3.1.5b (3.1.5b)
 (/usr/share/texlive/texmf-dist/tex/generic/pgf/systemlayer/pgfsys-common-pdf.def
File: pgfsys-common-pdf.def 2020/01/08 v3.1.5b (3.1.5b)
))) (/usr/share/texlive/texmf-dist/tex/generic/pgf/systemlayer/pgfsyssoftpath.code.tex
File: pgfsyssoftpath.code.tex 2020/01/08 v3.1.5b (3.1.5b)
\pgfsyssoftpath@smallbuffer@items=\count354
\pgfsyssoftpath@bigbuffer@items=\count355
) (/usr/share/texlive/texmf-dist/tex/generic/pgf/systemlayer/pgfsysprotocol.code.tex
File: pgfsysprotocol.code.tex 2020/01/08 v3.1.5b (3.1.5b)
)) (/usr/share/texlive/texmf-dist/tex/generic/pgf/basiclayer/pgfcore.code.tex
Package: pgfcore 2020/01/08 v3.1.5b (3.1.5b)
 (/usr/share/texlive/texmf-dist/tex/generic/pgf/math/pgfmath.code.tex (/usr/share/texlive/texmf-dist/tex/generic/pgf/math/pgfmathcalc.code.tex (/usr/share/texlive/texmf-dist/tex/generic/pgf/math/pgfmathutil.code.tex) (/usr/share/texlive/texmf-dist/tex/generic/pgf/math/pgfmathparser.code.tex
\pgfmath@dimen=\dimen278
\pgfmath@count=\count356
\pgfmath@box=\box73
\pgfmath@toks=\toks38
\pgfmath@stack@operand=\toks39
\pgfmath@stack@operation=\toks40
) (/usr/share/texlive/texmf-dist/tex/generic/pgf/math/pgfmathfunctions.code.tex (/usr/share/texlive/texmf-dist/tex/generic/pgf/math/pgfmathfunctions.basic.code.tex) (/usr/share/texlive/texmf-dist/tex/generic/pgf/math/pgfmathfunctions.trigonometric.code.tex) (/usr/share/texlive/texmf-dist/tex/generic/pgf/math/pgfmathfunctions.random.code.tex) (/usr/share/texlive/texmf-dist/tex/generic/pgf/math/pgfmathfunctions.comparison.code.tex) (/usr/share/texlive/texmf-dist/tex/generic/pgf/math/pgfmathfunctions.base.code.tex) (/usr/share/texlive/texmf-dist/tex/generic/pgf/math/pgfmathfunctions.round.code.tex) (/usr/share/texlive/texmf-dist/tex/generic/pgf/math/pgfmathfunctions.misc.code.tex) (/usr/share/texlive/texmf-dist/tex/generic/pgf/math/pgfmathfunctions.integerarithmetics.code.tex))) (/usr/share/texlive/texmf-dist/tex/generic/pgf/math/pgfmathfloat.code.tex
\c@pgfmathroundto@lastzeros=\count357
)) (/usr/share/texlive/texmf-dist/tex/generic/pgf/math/pgfint.code.tex) (/usr/share/texlive/texmf-dist/tex/generic/pgf/basiclayer/pgfcorepoints.code.tex
File: pgfcorepoints.code.tex 2020/01/08 v3.1.5b (3.1.5b)
\pgf@picminx=\dimen279
\pgf@picmaxx=\dimen280
\pgf@picminy=\dimen281
\pgf@picmaxy=\dimen282
\pgf@pathminx=\dimen283
\pgf@pathmaxx=\dimen284
\pgf@pathminy=\dimen285
\pgf@pathmaxy=\dimen286
\pgf@xx=\dimen287
\pgf@xy=\dimen288
\pgf@yx=\dimen289
\pgf@yy=\dimen290
\pgf@zx=\dimen291
\pgf@zy=\dimen292
) (/usr/share/texlive/texmf-dist/tex/generic/pgf/basiclayer/pgfcorepathconstruct.code.tex
File: pgfcorepathconstruct.code.tex 2020/01/08 v3.1.5b (3.1.5b)
\pgf@path@lastx=\dimen293
\pgf@path@lasty=\dimen294
) (/usr/share/texlive/texmf-dist/tex/generic/pgf/basiclayer/pgfcorepathusage.code.tex
File: pgfcorepathusage.code.tex 2020/01/08 v3.1.5b (3.1.5b)
\pgf@shorten@end@additional=\dimen295
\pgf@shorten@start@additional=\dimen296
) (/usr/share/texlive/texmf-dist/tex/generic/pgf/basiclayer/pgfcorescopes.code.tex
File: pgfcorescopes.code.tex 2020/01/08 v3.1.5b (3.1.5b)
\pgfpic=\box74
\pgf@hbox=\box75
\pgf@layerbox@main=\box76
\pgf@picture@serial@count=\count358
) (/usr/share/texlive/texmf-dist/tex/generic/pgf/basiclayer/pgfcoregraphicstate.code.tex
File: pgfcoregraphicstate.code.tex 2020/01/08 v3.1.5b (3.1.5b)
\pgflinewidth=\dimen297
) (/usr/share/texlive/texmf-dist/tex/generic/pgf/basiclayer/pgfcoretransformations.code.tex
File: pgfcoretransformations.code.tex 2020/01/08 v3.1.5b (3.1.5b)
\pgf@pt@x=\dimen298
\pgf@pt@y=\dimen299
\pgf@pt@temp=\dimen300
) (/usr/share/texlive/texmf-dist/tex/generic/pgf/basiclayer/pgfcorequick.code.tex
File: pgfcorequick.code.tex 2020/01/08 v3.1.5b (3.1.5b)
) (/usr/share/texlive/texmf-dist/tex/generic/pgf/basiclayer/pgfcoreobjects.code.tex
File: pgfcoreobjects.code.tex 2020/01/08 v3.1.5b (3.1.5b)
) (/usr/share/texlive/texmf-dist/tex/generic/pgf/basiclayer/pgfcorepathprocessing.code.tex
File: pgfcorepathprocessing.code.tex 2020/01/08 v3.1.5b (3.1.5b)
) (/usr/share/texlive/texmf-dist/tex/generic/pgf/basiclayer/pgfcorearrows.code.tex
File: pgfcorearrows.code.tex 2020/01/08 v3.1.5b (3.1.5b)
\pgfarrowsep=\dimen301
) (/usr/share/texlive/texmf-dist/tex/generic/pgf/basiclayer/pgfcoreshade.code.tex
File: pgfcoreshade.code.tex 2020/01/08 v3.1.5b (3.1.5b)
\pgf@max=\dimen302
\pgf@sys@shading@range@num=\count359
\pgf@shadingcount=\count360
) (/usr/share/texlive/texmf-dist/tex/generic/pgf/basiclayer/pgfcoreimage.code.tex
File: pgfcoreimage.code.tex 2020/01/08 v3.1.5b (3.1.5b)
 (/usr/share/texlive/texmf-dist/tex/generic/pgf/basiclayer/pgfcoreexternal.code.tex
File: pgfcoreexternal.code.tex 2020/01/08 v3.1.5b (3.1.5b)
\pgfexternal@startupbox=\box77
)) (/usr/share/texlive/texmf-dist/tex/generic/pgf/basiclayer/pgfcorelayers.code.tex
File: pgfcorelayers.code.tex 2020/01/08 v3.1.5b (3.1.5b)
) (/usr/share/texlive/texmf-dist/tex/generic/pgf/basiclayer/pgfcoretransparency.code.tex
File: pgfcoretransparency.code.tex 2020/01/08 v3.1.5b (3.1.5b)
) (/usr/share/texlive/texmf-dist/tex/generic/pgf/basiclayer/pgfcorepatterns.code.tex
File: pgfcorepatterns.code.tex 2020/01/08 v3.1.5b (3.1.5b)
) (/usr/share/texlive/texmf-dist/tex/generic/pgf/basiclayer/pgfcorerdf.code.tex
File: pgfcorerdf.code.tex 2020/01/08 v3.1.5b (3.1.5b)
))) (/usr/share/texlive/texmf-dist/tex/generic/pgf/modules/pgfmoduleshapes.code.tex
File: pgfmoduleshapes.code.tex 2020/01/08 v3.1.5b (3.1.5b)
\pgfnodeparttextbox=\box78
) (/usr/share/texlive/texmf-dist/tex/generic/pgf/modules/pgfmoduleplot.code.tex
File: pgfmoduleplot.code.tex 2020/01/08 v3.1.5b (3.1.5b)
) (/usr/share/texlive/texmf-dist/tex/latex/pgf/compatibility/pgfcomp-version-0-65.sty
Package: pgfcomp-version-0-65 2020/01/08 v3.1.5b (3.1.5b)
\pgf@nodesepstart=\dimen303
\pgf@nodesepend=\dimen304
) (/usr/share/texlive/texmf-dist/tex/latex/pgf/compatibility/pgfcomp-version-1-18.sty
Package: pgfcomp-version-1-18 2020/01/08 v3.1.5b (3.1.5b)
)) (/usr/share/texlive/texmf-dist/tex/latex/tools/verbatim.sty
Package: verbatim 2019/11/10 v1.5r LaTeX2e package for verbatim enhancements
\every@verbatim=\toks41
\verbatim@line=\toks42
\verbatim@in@stream=\read6
) (/usr/share/texlive/texmf-dist/tex/latex/environ/environ.sty
Package: environ 2014/05/04 v0.3 A new way to define environments
)
\tcb@titlebox=\box79
\tcb@upperbox=\box80
\tcb@lowerbox=\box81
\tcb@phantombox=\box82
\c@tcbbreakpart=\count361
\c@tcblayer=\count362
\tcolorbox@number=\count363
\tcb@temp=\box83
\tcb@temp=\box84
\tcb@temp=\box85
\tcb@temp=\box86
\tcb@out=\write6
\tcb@record@out=\write7
) (/usr/share/texlive/texmf-dist/tex/latex/pgf/frontendlayer/tikz.sty (/usr/share/texlive/texmf-dist/tex/latex/pgf/utilities/pgffor.sty (/usr/share/texlive/texmf-dist/tex/latex/pgf/utilities/pgfkeys.sty (/usr/share/texlive/texmf-dist/tex/generic/pgf/utilities/pgfkeys.code.tex)) (/usr/share/texlive/texmf-dist/tex/latex/pgf/math/pgfmath.sty (/usr/share/texlive/texmf-dist/tex/generic/pgf/math/pgfmath.code.tex)) (/usr/share/texlive/texmf-dist/tex/generic/pgf/utilities/pgffor.code.tex
Package: pgffor 2020/01/08 v3.1.5b (3.1.5b)
 (/usr/share/texlive/texmf-dist/tex/generic/pgf/math/pgfmath.code.tex)
\pgffor@iter=\dimen305
\pgffor@skip=\dimen306
\pgffor@stack=\toks43
\pgffor@toks=\toks44
)) (/usr/share/texlive/texmf-dist/tex/generic/pgf/frontendlayer/tikz/tikz.code.tex
Package: tikz 2020/01/08 v3.1.5b (3.1.5b)
 (/usr/share/texlive/texmf-dist/tex/generic/pgf/libraries/pgflibraryplothandlers.code.tex
File: pgflibraryplothandlers.code.tex 2020/01/08 v3.1.5b (3.1.5b)
\pgf@plot@mark@count=\count364
\pgfplotmarksize=\dimen307
)
\tikz@lastx=\dimen308
\tikz@lasty=\dimen309
\tikz@lastxsaved=\dimen310
\tikz@lastysaved=\dimen311
\tikz@lastmovetox=\dimen312
\tikz@lastmovetoy=\dimen313
\tikzleveldistance=\dimen314
\tikzsiblingdistance=\dimen315
\tikz@figbox=\box87
\tikz@figbox@bg=\box88
\tikz@tempbox=\box89
\tikz@tempbox@bg=\box90
\tikztreelevel=\count365
\tikznumberofchildren=\count366
\tikznumberofcurrentchild=\count367
\tikz@fig@count=\count368
 (/usr/share/texlive/texmf-dist/tex/generic/pgf/modules/pgfmodulematrix.code.tex
File: pgfmodulematrix.code.tex 2020/01/08 v3.1.5b (3.1.5b)
\pgfmatrixcurrentrow=\count369
\pgfmatrixcurrentcolumn=\count370
\pgf@matrix@numberofcolumns=\count371
)
\tikz@expandcount=\count372
 (/usr/share/texlive/texmf-dist/tex/generic/pgf/frontendlayer/tikz/libraries/tikzlibrarytopaths.code.tex
File: tikzlibrarytopaths.code.tex 2020/01/08 v3.1.5b (3.1.5b)
))) (/usr/share/texlive/texmf-dist/tex/latex/hyperref/hyperref.sty
Package: hyperref 2020/01/14 v7.00d Hypertext links for LaTeX
 (/usr/share/texlive/texmf-dist/tex/generic/kvdefinekeys/kvdefinekeys.sty
Package: kvdefinekeys 2019-12-19 v1.6 Define keys (HO)
) (/usr/share/texlive/texmf-dist/tex/generic/pdfescape/pdfescape.sty
Package: pdfescape 2019/12/09 v1.15 Implements pdfTeX's escape features (HO)
) (/usr/share/texlive/texmf-dist/tex/latex/hycolor/hycolor.sty
Package: hycolor 2020-01-27 v1.10 Color options for hyperref/bookmark (HO)
) (/usr/share/texlive/texmf-dist/tex/latex/letltxmacro/letltxmacro.sty
Package: letltxmacro 2019/12/03 v1.6 Let assignment for LaTeX macros (HO)
)
\@linkdim=\dimen316
\Hy@linkcounter=\count373
\Hy@pagecounter=\count374
 (/usr/share/texlive/texmf-dist/tex/latex/hyperref/pd1enc.def
File: pd1enc.def 2020/01/14 v7.00d Hyperref: PDFDocEncoding definition (HO)
Now handling font encoding PD1 ...
... no UTF-8 mapping file for font encoding PD1
) (/usr/share/texlive/texmf-dist/tex/generic/intcalc/intcalc.sty
Package: intcalc 2019/12/15 v1.3 Expandable calculations with integers (HO)
)
\Hy@SavedSpaceFactor=\count375
\pdfmajorversion=\count376
Package hyperref Info: Option `hyperfootnotes' set `false' on input line 4421.
Package hyperref Info: Hyper figures OFF on input line 4547.
Package hyperref Info: Link nesting OFF on input line 4552.
Package hyperref Info: Hyper index ON on input line 4555.
Package hyperref Info: Plain pages OFF on input line 4562.
Package hyperref Info: Backreferencing OFF on input line 4567.
Package hyperref Info: Implicit mode ON; LaTeX internals redefined.
Package hyperref Info: Bookmarks ON on input line 4800.
\c@Hy@tempcnt=\count377
 (/usr/share/texlive/texmf-dist/tex/latex/url/url.sty
\Urlmuskip=\muskip17
Package: url 2013/09/16  ver 3.4  Verb mode for urls, etc.
)
LaTeX Info: Redefining \url on input line 5159.
\XeTeXLinkMargin=\dimen317
 (/usr/share/texlive/texmf-dist/tex/generic/bitset/bitset.sty
Package: bitset 2019/12/09 v1.3 Handle bit-vector datatype (HO)
 (/usr/share/texlive/texmf-dist/tex/generic/bigintcalc/bigintcalc.sty
Package: bigintcalc 2019/12/15 v1.5 Expandable calculations on big integers (HO)
))
\Fld@menulength=\count378
\Field@Width=\dimen318
\Fld@charsize=\dimen319
Package hyperref Info: Hyper figures OFF on input line 6430.
Package hyperref Info: Link nesting OFF on input line 6435.
Package hyperref Info: Hyper index ON on input line 6438.
Package hyperref Info: backreferencing OFF on input line 6445.
Package hyperref Info: Link coloring OFF on input line 6450.
Package hyperref Info: Link coloring with OCG OFF on input line 6455.
Package hyperref Info: PDF/A mode OFF on input line 6460.
LaTeX Info: Redefining \ref on input line 6500.
LaTeX Info: Redefining \pageref on input line 6504.
 (/usr/share/texlive/texmf-dist/tex/generic/atbegshi/atbegshi.sty
Package: atbegshi 2019/12/05 v1.19 At begin shipout hook (HO)
)
\Hy@abspage=\count379
\c@Item=\count380
)
Package hyperref Info: Driver (autodetected): hpdftex.
 (/usr/share/texlive/texmf-dist/tex/latex/hyperref/hpdftex.def
File: hpdftex.def 2020/01/14 v7.00d Hyperref driver for pdfTeX
 (/usr/share/texlive/texmf-dist/tex/latex/atveryend/atveryend.sty
Package: atveryend 2019-12-11 v1.11 Hooks at the very end of document (HO)
)
\Fld@listcount=\count381
\c@bookmark@seq@number=\count382
 (/usr/share/texlive/texmf-dist/tex/latex/rerunfilecheck/rerunfilecheck.sty
Package: rerunfilecheck 2019/12/05 v1.9 Rerun checks for auxiliary files (HO)
 (/usr/share/texlive/texmf-dist/tex/generic/uniquecounter/uniquecounter.sty
Package: uniquecounter 2019/12/15 v1.4 Provide unlimited unique counter (HO)
)
Package uniquecounter Info: New unique counter `rerunfilecheck' on input line 286.
)
\Hy@SectionHShift=\skip137
)
Package hyperref Info: Option `colorlinks' set `true' on input line 794.
Package hyperref Info: Option `linktocpage' set `true' on input line 794.
Package hyperref Info: Option `breaklinks' set `true' on input line 794.
)
\abcd=\skip138
 (/usr/share/texlive/texmf-dist/tex/latex/geometry/geometry.sty
Package: geometry 2020/01/02 v5.9 Page Geometry
 (/usr/share/texlive/texmf-dist/tex/generic/iftex/ifvtex.sty
Package: ifvtex 2019/10/25 v1.7 ifvtex legacy package. Use iftex instead.
)
\Gm@cnth=\count383
\Gm@cntv=\count384
\c@Gm@tempcnt=\count385
\Gm@bindingoffset=\dimen320
\Gm@wd@mp=\dimen321
\Gm@odd@mp=\dimen322
\Gm@even@mp=\dimen323
\Gm@layoutwidth=\dimen324
\Gm@layoutheight=\dimen325
\Gm@layouthoffset=\dimen326
\Gm@layoutvoffset=\dimen327
\Gm@dimlist=\toks45
)
Package csquotes Info: Checking for multilingual support...
Package csquotes Info: ... found 'babel' package.
Package csquotes Info: Adjusting default style.
Package csquotes Info: Redefining alias 'default' -> 'italian'.
runsystem(which pygmentize && touch Thesis.aex)...executed.

runsystem(rm Thesis.aex)...executed.

 (/var/lib/one/eclipse-workspace/Thesis/Thesis.aux (/var/lib/one/eclipse-workspace/Thesis/FrontMatter/Titlepage.aux) (/var/lib/one/eclipse-workspace/Thesis/Chapters/01-Introduction.aux) (/var/lib/one/eclipse-workspace/Thesis/Chapters/02-StateOfTheArt.aux) (/var/lib/one/eclipse-workspace/Thesis/Chapters/03-Proposal.aux) (/var/lib/one/eclipse-workspace/Thesis/Chapters/04-Evaluation.aux) (/var/lib/one/eclipse-workspace/Thesis/Chapters/05-Conclusions.aux))
\openout1 = `Thesis.aux'.

LaTeX Font Info:    Checking defaults for OML/cmm/m/it on input line 82.
LaTeX Font Info:    ... okay on input line 82.
LaTeX Font Info:    Checking defaults for OMS/cmsy/m/n on input line 82.
LaTeX Font Info:    ... okay on input line 82.
LaTeX Font Info:    Checking defaults for OT1/cmr/m/n on input line 82.
LaTeX Font Info:    ... okay on input line 82.
LaTeX Font Info:    Checking defaults for T1/cmr/m/n on input line 82.
LaTeX Font Info:    ... okay on input line 82.
LaTeX Font Info:    Checking defaults for TS1/cmr/m/n on input line 82.
LaTeX Font Info:    ... okay on input line 82.
LaTeX Font Info:    Checking defaults for OMX/cmex/m/n on input line 82.
LaTeX Font Info:    ... okay on input line 82.
LaTeX Font Info:    Checking defaults for U/cmr/m/n on input line 82.
LaTeX Font Info:    ... okay on input line 82.
LaTeX Font Info:    Checking defaults for PD1/pdf/m/n on input line 82.
LaTeX Font Info:    ... okay on input line 82.
LaTeX Font Info:    Trying to load font information for T1+pplx on input line 82.
 (/usr/share/texlive/texmf-dist/tex/latex/psnfss/t1pplx.fd
File: t1pplx.fd 2004/09/06 font definitions for T1/pplx.
)
Package tocbasic Info: usage of `tocbibind' detected on input line 82.


Package tocbasic Warning: `tocbibind' redefinition of `\listoffigures'
(tocbasic)                detected.
(tocbasic)                Note: Loading `tocbibind' without option `notlof'
(tocbasic)                can break several features of `tocbasic'.


Package tocbasic Warning: `tocbibind' redefinition of `\listoftables'
(tocbasic)                detected.
(tocbasic)                Note: Loading `tocbibind' without option `notlot'
(tocbasic)                can break several features of `tocbasic'.

LaTeX Info: Redefining \it@ocap on input line 82.
LaTeX Info: Redefining \it@ccap on input line 82.
LaTeX Info: Redefining \dots on input line 82.
\c@lstlisting=\count386
Package caption Info: Begin \AtBeginDocument code.
Package caption Info: subfig package v1.3 is loaded.
Package caption Info: float package is loaded.
Package caption Info: hyperref package is loaded.
Package caption Info: End \AtBeginDocument code.
(/usr/share/texlive/texmf-dist/tex/latex/translator/translator-basic-dictionary-English.dict
Dictionary: translator-basic-dictionary, Language: English 
) (/usr/share/texlive/texmf-dist/tex/latex/siunitx/siunitx-abbreviations.cfg
File: siunitx-abbreviations.cfg 2017/11/26 v2.7k siunitx: Abbreviated units
) (/usr/share/texlive/texmf-dist/tex/context/base/mkii/supp-pdf.mkii
[Loading MPS to PDF converter (version 2006.09.02).]
\scratchcounter=\count387
\scratchdimen=\dimen328
\scratchbox=\box91
\nofMPsegments=\count388
\nofMParguments=\count389
\everyMPshowfont=\toks46
\MPscratchCnt=\count390
\MPscratchDim=\dimen329
\MPnumerator=\count391
\makeMPintoPDFobject=\count392
\everyMPtoPDFconversion=\toks47
) (/usr/share/texlive/texmf-dist/tex/latex/epstopdf-pkg/epstopdf-base.sty
Package: epstopdf-base 2020-01-24 v2.11 Base part for package epstopdf
Package epstopdf-base Info: Redefining graphics rule for `.eps' on input line 485.
 (/usr/share/texlive/texmf-dist/tex/latex/latexconfig/epstopdf-sys.cfg
File: epstopdf-sys.cfg 2010/07/13 v1.3 Configuration of (r)epstopdf for TeX Live
))
LaTeX Info: Redefining \microtypecontext on input line 82.
Package microtype Info: Generating PDF output.
Package microtype Info: Character protrusion enabled (level 2).
Package microtype Info: Using default protrusion set `alltext'.
Package microtype Info: Automatic font expansion enabled (level 2),
(microtype)             stretch: 20, shrink: 20, step: 1, non-selected.
Package microtype Info: Using default expansion set `basictext'.
LaTeX Info: Redefining \showhyphens on input line 82.
Package microtype Info: No adjustment of tracking.
Package microtype Info: No adjustment of interword spacing.
Package microtype Info: No adjustment of character kerning.
 (/usr/share/texlive/texmf-dist/tex/latex/microtype/mt-ppl.cfg
File: mt-ppl.cfg 2005/11/16 v1.6 microtype config. file: Palatino (RS)
) ABD: EveryShipout initializing macros
\AtBeginShipoutBox=\box92
Package hyperref Info: Link coloring ON on input line 82.
 (/usr/share/texlive/texmf-dist/tex/latex/hyperref/nameref.sty
Package: nameref 2019/09/16 v2.46 Cross-referencing by name of section
 (/usr/share/texlive/texmf-dist/tex/latex/refcount/refcount.sty
Package: refcount 2019/12/15 v3.6 Data extraction from label references (HO)
) (/usr/share/texlive/texmf-dist/tex/generic/gettitlestring/gettitlestring.sty
Package: gettitlestring 2019/12/15 v1.6 Cleanup title references (HO)
)
\c@section@level=\count393
)
LaTeX Info: Redefining \ref on input line 82.
LaTeX Info: Redefining \pageref on input line 82.
LaTeX Info: Redefining \nameref on input line 82.
 (/var/lib/one/eclipse-workspace/Thesis/Thesis.out) (/var/lib/one/eclipse-workspace/Thesis/Thesis.out)
\@outlinefile=\write8
\openout8 = `Thesis.out'.

Class scrbook Info: loading recommended package `bookmark'.
(scrbook)           Using `bookmark' together with `hyperref' is recommended,
(scrbook)           because of handling of possible bookmark level gaps.
(scrbook)           You can avoid loading `bookmark' with KOMA-Script option
(scrbook)           `bookmarkpackage=false' before \begin{document} and
(scrbook)           you can avoid this message adding:
(scrbook)             \usepackage{bookmark}
(scrbook)           before \begin{document} on input line 82.
 (/usr/share/texlive/texmf-dist/tex/latex/bookmark/bookmark.sty
Package: bookmark 2019/12/03 v1.28 PDF bookmarks (HO)
 (/usr/share/texlive/texmf-dist/tex/latex/bookmark/bkm-pdftex.def
File: bkm-pdftex.def 2019/12/03 v1.28 bookmark driver for pdfTeX (HO)
Package auxhook Info: \AddLineBeginMainAux comes a little late,
(auxhook)             because the main .aux file is already opened on input line 168.
\BKM@id=\count394
))
*geometry* driver: auto-detecting
*geometry* detected driver: pdftex
*geometry* verbose mode - [ preamble ] result:
* driver: pdftex
* paper: a4paper
* layout: <same size as paper>
* layoutoffset:(h,v)=(0.0pt,0.0pt)
* bindingoffset: 28.45274pt
* modes: twoside 
* h-part:(L,W,R)=(99.58464pt, 384.1122pt, 85.35829pt)
* v-part:(T,H,B)=(113.81102pt, 611.73424pt, 119.50159pt)
* \paperwidth=597.50787pt
* \paperheight=845.04684pt
* \textwidth=384.1122pt
* \textheight=611.73424pt
* \oddsidemargin=55.7674pt
* \evensidemargin=13.0883pt
* \topmargin=2.79103pt
* \headheight=17.0pt
* \headsep=21.75pt
* \topskip=12.0pt
* \footskip=50.75pt
* \marginparwidth=82.22992pt
* \marginparsep=23.49426pt
* \columnsep=10.0pt
* \skip\footins=10.8pt plus 4.0pt minus 2.0pt
* \hoffset=0.0pt
* \voffset=0.0pt
* \mag=1000
* \@twocolumnfalse
* \@twosidetrue
* \@mparswitchtrue
* \@reversemarginfalse
* (1in=72.27pt=25.4mm, 1cm=28.453pt)

LaTeX Font Info:    Trying to load font information for U+zeur on input line 82.
(/usr/share/texlive/texmf-dist/tex/latex/eulervm/uzeur.fd
File: uzeur.fd 2005/01/11 v4.0 (WaS)
) (/usr/share/texlive/texmf-dist/tex/latex/microtype/mt-eur.cfg
File: mt-eur.cfg 2006/07/31 v1.1 microtype config. file: AMS Euler Roman (RS)
)
LaTeX Font Info:    Trying to load font information for U+zeus on input line 82.
 (/usr/share/texlive/texmf-dist/tex/latex/eulervm/uzeus.fd
File: uzeus.fd 2005/01/11 v4.0 (WaS)
) (/usr/share/texlive/texmf-dist/tex/latex/microtype/mt-eus.cfg
File: mt-eus.cfg 2006/07/28 v1.2 microtype config. file: AMS Euler Script (RS)
)
LaTeX Font Info:    Trying to load font information for U+zeuex on input line 82.
 (/usr/share/texlive/texmf-dist/tex/latex/eulervm/uzeuex.fd
File: uzeuex.fd 2005/01/11 v4.0 (WaS)
)
LaTeX Font Info:    Trying to load font information for OT1+zplm on input line 82.
 (/usr/share/texlive/texmf-dist/tex/latex/psnfss/ot1zplm.fd
File: ot1zplm.fd 2002/09/08 Fontinst v1.914 font definitions for OT1/zplm.
)
Package microtype Info: Loading generic protrusion settings for font family
(microtype)             `zplm' (encoding: OT1).
(microtype)             For optimal results, create family-specific settings.
(microtype)             See the microtype manual for details.
LaTeX Font Info:    Trying to load font information for T1+cmss on input line 82.
 (/usr/share/texlive/texmf-dist/tex/latex/base/t1cmss.fd
File: t1cmss.fd 2019/12/16 v2.5j Standard LaTeX font definitions
)
Package microtype Info: Loading generic protrusion settings for font family
(microtype)             `cmss' (encoding: T1).
(microtype)             For optimal results, create family-specific settings.
(microtype)             See the microtype manual for details.
LaTeX Font Info:    Trying to load font information for T1+fvm on input line 82.
 (/usr/share/texlive/texmf-dist/tex/latex/bera/t1fvm.fd
File: t1fvm.fd 2004/09/07 scalable font definitions for T1/fvm.
)
LaTeX Font Info:    Font shape `T1/fvm/m/n' will be
(Font)              scaled to size 10.20007pt on input line 82.
Package microtype Info: Loading generic protrusion settings for font family
(microtype)             `fvm' (encoding: T1).
(microtype)             For optimal results, create family-specific settings.
(microtype)             See the microtype manual for details.
LaTeX Font Info:    Font shape `T1/fvm/m/n' will be
(Font)              scaled to size 7.65005pt on input line 82.
LaTeX Font Info:    Font shape `T1/fvm/m/n' will be
(Font)              scaled to size 5.95004pt on input line 82.
\openout2 = `FrontMatter/Titlepage.aux'.

 (/var/lib/one/eclipse-workspace/Thesis/FrontMatter/TitlePage.tex
<logo/LOGO.pdf, id=7, 996.72375pt x 483.8075pt>
File: logo/LOGO.pdf Graphic file (type pdf)
<use logo/LOGO.pdf>
Package pdftex.def Info: logo/LOGO.pdf  used on input line 15.
(pdftex.def)             Requested size: 149.5021pt x 72.568pt.
LaTeX Font Info:    Font shape `T1/fvm/m/n' will be
(Font)              scaled to size 12.24008pt on input line 26.
LaTeX Font Info:    Font shape `T1/fvm/m/n' will be
(Font)              scaled to size 8.50006pt on input line 26.
LaTeX Font Info:    Font shape `T1/fvm/m/n' will be
(Font)              scaled to size 6.80005pt on input line 26.
 [1




{/var/lib/texmf/fonts/map/pdftex/updmap/pdftex.map} </var/lib/one/eclipse-workspace/Thesis/logo/LOGO.pdf>]
LaTeX Font Info:    Trying to load font information for TS1+pplx on input line 62.
 (/usr/share/texlive/texmf-dist/tex/latex/psnfss/ts1pplx.fd
File: ts1pplx.fd 2004/09/06 font definitions for TS1/pplx.
)) [2]
Package tocbasic Info: character protrusion at toc deactivated on input line 98.
 (/var/lib/one/eclipse-workspace/Thesis/Thesis.toc
Package microtype Info: Character `029' is missing
(microtype)             in font `T1/pplx/m/sc/12'.
(microtype)             Ignoring protrusion settings for this character.
)
\tf@toc=\write9
\openout9 = `Thesis.toc'.

LaTeX Font Info:    Font shape `T1/fvm/m/n' will be
(Font)              scaled to size 9.30756pt on input line 99.
LaTeX Font Info:    Font shape `T1/fvm/m/n' will be
(Font)              scaled to size 5.10004pt on input line 99.
 [1


] (/var/lib/one/eclipse-workspace/Thesis/Thesis.lol
Overfull \hbox (2.86096pt too wide) in paragraph at lines 8--8
 [][] []\T1/pplx/m/n/12 (-20) Classe per free-z-za-re(sospendere) una \T1/fvm/m/n/12 VirtualMachine []  
 []

)
\tf@lol=\write10
\openout10 = `Thesis.lol'.

 [2

] (/var/lib/one/eclipse-workspace/Thesis/Thesis.lof)
\tf@lof=\write11
\openout11 = `Thesis.lof'.

 [3

] [4


] [5] [6


]
\openout2 = `Chapters/01-Introduction.aux'.

 (/var/lib/one/eclipse-workspace/Thesis/Chapters/01-Introduction.tex
Capitolo 1.
[7



]) [8]
\openout2 = `Chapters/02-StateOfTheArt.aux'.

 (/var/lib/one/eclipse-workspace/Thesis/Chapters/02-StateOfTheArt.tex
Capitolo 2.
Package svg Info: Last page of `./svg-inkscape/facplEvaluationProcess_svg-tex.pdf' is 1 on input line 14.
(/var/lib/one/eclipse-workspace/Thesis/./svg-inkscape/facplEvaluationProcess_svg-tex.pdf_tex
<./svg-inkscape/facplEvaluationProcess_svg-tex.pdf, id=182, page=1, 441.31216pt x 196.42122pt>
File: ./svg-inkscape/facplEvaluationProcess_svg-tex.pdf Graphic file (type pdf)
<use ./svg-inkscape/facplEvaluationProcess_svg-tex.pdf, page 1>
Package pdftex.def Info: ./svg-inkscape/facplEvaluationProcess_svg-tex.pdf , page1 used on input line 56.
(pdftex.def)             Requested size: 384.1122pt x 170.97198pt.
) [9




] [10 <./svg-inkscape/facplEvaluationProcess_svg-tex.pdf>]
LaTeX Font Info:    Font shape `T1/fvm/m/n' will be
(Font)              scaled to size 6.46004pt on input line 31.
Package microtype Info: Character `029' is missing
(microtype)             in font `T1/pplx/m/sc/10.95'.
(microtype)             Ignoring protrusion settings for this character.
 [11]
Underfull \hbox (badness 10000) in paragraph at lines 37--37
[][][][]$\T1/fvm/m/n/10 https : / / docs . opennebula . io / 6 . 8 / overview / opennebula _ concepts / opennebula _
 []

[12] [13]
Underfull \hbox (badness 10000) in paragraph at lines 49--49
[][][][]$\T1/fvm/m/n/10 https : / / docs . opennebula . io / 6 . 8 / integration _ and _ development / system _
 []


Underfull \hbox (badness 10000) in paragraph at lines 49--49
[][][][]$\T1/fvm/m/n/10 https : / / docs . opennebula . io / 6 . 8 / integration _ and _ development / system _
 []

) [14]
\openout2 = `Chapters/03-Proposal.aux'.

 (/var/lib/one/eclipse-workspace/Thesis/Chapters/03-Proposal.tex
Capitolo 3.
[15




]
Underfull \hbox (badness 10000) in paragraph at lines 26--26
[][][][]$\T1/fvm/m/n/10 https : / / docs . opennebula . io / 6 . 8 / management _ and _ operations / users _ groups _
 []


Underfull \hbox (badness 10000) in paragraph at lines 28--28
[][][][]$\T1/fvm/m/n/10 https : / / docs . opennebula . io / 6 . 8 / integration _ and _ development / system _
 []


Underfull \hbox (badness 10000) in paragraph at lines 28--28
[][][][]$\T1/fvm/m/n/10 https : / / docs . opennebula . io / 6 . 8 / integration _ and _ development / system _
 []


Underfull \hbox (badness 10000) in paragraph at lines 30--30
[][][][]$\T1/fvm/m/n/10 https : / / docs . opennebula . io / doc / 6 . 4 / oca / java / org / opennebula / client /
 []

[16] [17] (/usr/share/texlive/texmf-dist/tex/latex/listings/lstlang1.sty
File: lstlang1.sty 2019/09/10 1.8c listings language file
) [18] [19]

LaTeX Warning: Reference `cap:stateOfArt' on page 20 undefined on input line 114.

[20]

Package caption Warning: \captionsetup{type*=...} or \captionof
(caption)                outside box or environment on input line 131.
See the caption package documentation for explanation.


Package caption Warning: The option `hypcap=true' will be ignored for this
(caption)                particular \caption on input line 131.
See the caption package documentation for explanation.

[21]
LaTeX Font Info:    Font shape `T1/fvm/m/n' will be
(Font)              scaled to size 7.22505pt on input line 167.
 [22]

LaTeX Warning: Reference `cap:stateOfArt' on page 23 undefined on input line 186.

[23] [24]
Underfull \hbox (badness 10000) in paragraph at lines 261--263

 []

[25] [26] [27] [28]
Underfull \hbox (badness 2042) in paragraph at lines 387--388
[]\T1/fvm/m/n/12 classGenerator \T1/pplx/m/n/12 (+20)  un og-get-to crea-to a par-ti-re dal-la clas-se
 []

LaTeX Font Info:    Font shape `T1/fvm/m/n' will be
(Font)              scaled to size 8.07506pt on input line 389.
[29] [30] (/usr/share/texlive/texmf-dist/tex/latex/listings/lstlang1.sty
File: lstlang1.sty 2019/09/10 1.8c listings language file
) (/usr/share/texlive/texmf-dist/tex/latex/listings/lstmisc.sty
File: lstmisc.sty 2019/09/10 1.8c (Carsten Heinz)
) [31] [32]
<./Figures/policyManagerFrontEnd.png, id=720, 1264.725pt x 1200.485pt>
File: ./Figures/policyManagerFrontEnd.png Graphic file (type png)
<use ./Figures/policyManagerFrontEnd.png>
Package pdftex.def Info: ./Figures/policyManagerFrontEnd.png  used on input line 451.
(pdftex.def)             Requested size: 345.69862pt x 328.12859pt.
 [33 <./Figures/policyManagerFrontEnd.png>] [34] [35] [36] [37] [38] [39]
Underfull \hbox (badness 1194) in paragraph at lines 629--630
[] \T1/pplx/m/n/12 (+20) Quel-lo che pos-sia-mo no-ta-re  l'u-ti-liz-zo di tre clas-si di Mock:
 []

[40] [41] [42] [43]
\openout3 = `Thesis.pyg'.

 (/var/lib/one/eclipse-workspace/Thesis/_minted-Thesis/default-pyg-prefix.pygstyle) (/var/lib/one/eclipse-workspace/Thesis/_minted-Thesis/tango.pygstyle) (/var/lib/one/eclipse-workspace/Thesis/_minted-Thesis/57F4AEA5A657C6BAE065646BDA1F6151652400CCFCF6585C49CDA9A099C65A39.pygtex
LaTeX Font Info:    Font shape `T1/fvm/b/n' will be
(Font)              scaled to size 6.80005pt on input line 2.
LaTeX Font Info:    Font shape `T1/fvm/m/it' in size <8> not available
(Font)              Font shape `T1/fvm/m/sl' tried instead on input line 14.
LaTeX Font Info:    Font shape `T1/fvm/m/sl' will be
(Font)              scaled to size 6.80005pt on input line 14.
)) [44] [45]
\openout2 = `Chapters/04-Evaluation.aux'.

 (/var/lib/one/eclipse-workspace/Thesis/Chapters/04-Evaluation.tex
Capitolo 4.
[46




]
<./Figures/DaveSecurity.jpg, id=1009, 602.25pt x 418.56375pt>
File: ./Figures/DaveSecurity.jpg Graphic file (type jpg)
<use ./Figures/DaveSecurity.jpg>
Package pdftex.def Info: ./Figures/DaveSecurity.jpg  used on input line 11.
(pdftex.def)             Requested size: 268.87737pt x 186.8766pt.
) [47 <./Figures/DaveSecurity.jpg>]
\openout2 = `Chapters/05-Conclusions.aux'.

 (/var/lib/one/eclipse-workspace/Thesis/Chapters/05-Conclusions.tex
Capitolo 5.
[48




]) [49] (/var/lib/one/eclipse-workspace/Thesis/Thesis.bbl [50



]
Underfull \hbox (badness 2521) in paragraph at lines 14--17
[]\T1/pplx/m/n/12 (+20) Eclipse Foun-da-tion.  Eclip-se xtext: Lan-gua-ge de-ve-lo-p-ment
 []


Underfull \hbox (badness 3019) in paragraph at lines 40--43
[]\T1/pplx/m/n/12 (+20) Andrea Mar-ghe-ri.  Fa-c-pl do-cu-men-ta-tion.  [][]$\T1/fvm/m/n/12 https : / / facpl .
 []

[51]) [52]
Package atveryend Info: Empty hook `BeforeClearDocument' on input line 129.
Package atveryend Info: Empty hook `AfterLastShipout' on input line 129.
 (/var/lib/one/eclipse-workspace/Thesis/Thesis.aux (/var/lib/one/eclipse-workspace/Thesis/FrontMatter/Titlepage.aux) (/var/lib/one/eclipse-workspace/Thesis/Chapters/01-Introduction.aux) (/var/lib/one/eclipse-workspace/Thesis/Chapters/02-StateOfTheArt.aux) (/var/lib/one/eclipse-workspace/Thesis/Chapters/03-Proposal.aux) (/var/lib/one/eclipse-workspace/Thesis/Chapters/04-Evaluation.aux) (/var/lib/one/eclipse-workspace/Thesis/Chapters/05-Conclusions.aux))
Package atveryend Info: Executing hook `AtVeryEndDocument' on input line 129.
Package atveryend Info: Executing hook `AtEndAfterFileList' on input line 129.
Package rerunfilecheck Info: File `Thesis.out' has not changed.
(rerunfilecheck)             Checksum: D41D8CD98F00B204E9800998ECF8427E;0.


LaTeX Warning: There were undefined references.

runsystem(rm Thesis.pyg)...executed.

 ) 
Here is how much of TeX's memory you used:
 38747 strings out of 481239
 782304 string characters out of 5920378
 1440104 words of memory out of 5000000
 52217 multiletter control sequences out of 15000+600000
 646961 words of font info for 428 fonts, out of 8000000 for 9000
 1141 hyphenation exceptions out of 8191
 72i,23n,94p,10139b,2489s stack positions out of 5000i,500n,10000p,200000b,80000s
{/usr/share/texlive/texmf-dist/fonts/enc/dvips/base/8r.enc}</usr/share/texlive/texmf-dist/fonts/type1/public/amsfonts/euler/eurb10.pfb></usr/share/texlive/texmf-dist/fonts/type1/public/fpl/fplrc8a.pfb></usr/share/texlive/texmf-dist/fonts/type1/public/bera/fvmb8a.pfb></usr/share/texlive/texmf-dist/fonts/type1/public/bera/fvmr8a.pfb></usr/share/texlive/texmf-dist/fonts/type1/public/bera/fvmro8a.pfb></usr/share/texlive/texmf-dist/fonts/type1/urw/palatino/uplb8a.pfb></usr/share/texlive/texmf-dist/fonts/type1/urw/palatino/uplr8a.pfb></usr/share/texlive/texmf-dist/fonts/type1/urw/palatino/uplri8a.pfb>
Output written on /var/lib/one/eclipse-workspace/Thesis/Thesis.pdf (54 pages, 1113390 bytes).
PDF statistics:
 1286 PDF objects out of 1440 (max. 8388607)
 1154 compressed objects within 12 object streams
 590 named destinations out of 1000 (max. 500000)
 102158 words of extra memory for PDF output out of 106986 (max. 10000000)

